2021-08-25 21:25:44,361 [Worker-3: Loading available Gradle versions] INFO  o.e.b.c.i.u.g.PublishedGradleVersions - Gradle version information cache is up-to-date. Trying to read.
2021-08-25 21:26:16,108 [Worker-17: Importing Maven projects] INFO  o.e.m.c.i.l.LifecycleMappingFactory - Using org.maven.ide.eclipse.wtp.WarLifecycleMapping lifecycle mapping for MavenProject: kopo:SpringPRJ2.0:0.0.1-SNAPSHOT @ C:\ohjuproject_file\study02\SpringPRJ2.0\pom.xml.
2021-08-25 21:26:17,752 [Worker-17: Importing Maven projects] INFO  o.e.m.j.i.AbstractJavaProjectConfigurator - Not adding source folder /SpringPRJ2.0/src/main/java because it overlaps with /SpringPRJ2.0/src
2021-08-25 21:26:17,753 [Worker-17: Importing Maven projects] INFO  o.e.m.j.i.AbstractJavaProjectConfigurator - Not adding source folder /SpringPRJ2.0/src/test/java because it overlaps with /SpringPRJ2.0/src
2021-08-25 21:26:19,756 [Worker-17: Importing Maven projects] INFO  o.e.m.c.i.p.ProjectConfigurationManager - Imported and configured 1 project(s) in 6 sec
2021-08-25 21:26:21,446 [Worker-2: Building] WARN  o.e.m.c.i.embedder.EclipseLogger - Using platform encoding (MS949 actually) to copy filtered resources, i.e. build is platform dependent!
2021-08-25 21:26:21,450 [Worker-2: Building] INFO  o.e.m.c.i.embedder.EclipseLogger - skip non existing resourceDirectory C:\ohjuproject_file\study02\SpringPRJ2.0\src\main\resources
2021-08-25 21:26:21,454 [Worker-2: Building] WARN  o.e.m.c.i.embedder.EclipseLogger - Using platform encoding (MS949 actually) to copy filtered resources, i.e. build is platform dependent!
2021-08-25 21:26:21,455 [Worker-2: Building] INFO  o.e.m.c.i.embedder.EclipseLogger - skip non existing resourceDirectory C:\ohjuproject_file\study02\SpringPRJ2.0\src\test\resources
2021-08-25 21:26:36,951 [Worker-13: Updating Maven Project] INFO  o.e.m.c.i.p.ProjectConfigurationManager - Update started
2021-08-25 21:26:37,305 [Worker-13: Updating Maven Project] INFO  o.e.m.c.i.l.LifecycleMappingFactory - Using org.maven.ide.eclipse.wtp.WarLifecycleMapping lifecycle mapping for MavenProject: kopo:SpringPRJ2.0:0.0.1-SNAPSHOT @ C:\ohjuproject_file\study02\SpringPRJ2.0\pom.xml.
2021-08-25 21:26:38,002 [Worker-13: Updating Maven Project] INFO  o.e.m.j.i.AbstractJavaProjectConfigurator - Not adding source folder /SpringPRJ2.0/src/main/java because it overlaps with /SpringPRJ2.0/src
2021-08-25 21:26:38,003 [Worker-13: Updating Maven Project] INFO  o.e.m.j.i.AbstractJavaProjectConfigurator - Not adding source folder /SpringPRJ2.0/src/test/java because it overlaps with /SpringPRJ2.0/src
2021-08-25 21:26:38,393 [Worker-13: Updating Maven Project] INFO  o.e.m.w.i.f.ResourceFilteringBuildParticipant - Cleaning filtered folder for SpringPRJ2.0
2021-08-25 21:26:38,400 [Worker-13: Updating Maven Project] INFO  o.e.m.c.i.p.ProjectConfigurationManager - Update completed: 1 sec
2021-08-25 21:26:38,863 [Worker-13: Building] WARN  o.e.m.c.i.embedder.EclipseLogger - Using platform encoding (MS949 actually) to copy filtered resources, i.e. build is platform dependent!
2021-08-25 21:26:38,865 [Worker-13: Building] INFO  o.e.m.c.i.embedder.EclipseLogger - skip non existing resourceDirectory C:\ohjuproject_file\study02\SpringPRJ2.0\src\main\resources
2021-08-25 21:26:38,868 [Worker-13: Building] WARN  o.e.m.c.i.embedder.EclipseLogger - Using platform encoding (MS949 actually) to copy filtered resources, i.e. build is platform dependent!
2021-08-25 21:26:38,870 [Worker-13: Building] INFO  o.e.m.c.i.embedder.EclipseLogger - skip non existing resourceDirectory C:\ohjuproject_file\study02\SpringPRJ2.0\src\test\resources
2021-08-25 21:26:38,870 [Worker-13: Building] INFO  o.e.m.w.i.f.ResourceFilteringBuildParticipant - Changed resources require a complete clean of filtered resources of SpringPRJ2.0
2021-08-25 21:26:38,871 [Worker-13: Building] INFO  o.e.m.w.i.f.ResourceFilteringBuildParticipant - Executing resource filtering for SpringPRJ2.0
2021-08-25 21:26:38,877 [Worker-13: Building] WARN  o.e.m.c.i.embedder.EclipseLogger - The POM for org.apache.maven.plugins:maven-eclipse-plugin:jar:2.9 is missing, no dependency information available
2021-08-25 21:26:38,879 [Worker-13: Building] WARN  o.e.m.c.i.embedder.EclipseLogger - Failed to retrieve plugin descriptor for org.apache.maven.plugins:maven-eclipse-plugin:2.9: Plugin org.apache.maven.plugins:maven-eclipse-plugin:2.9 or one of its dependencies could not be resolved: Cannot access central (https://repo.maven.apache.org/maven2) in offline mode and the artifact org.apache.maven.plugins:maven-eclipse-plugin:jar:2.9 has not been downloaded from it before.
2021-08-25 21:26:38,880 [Worker-13: Building] WARN  o.e.m.c.i.embedder.EclipseLogger - The POM for org.codehaus.mojo:exec-maven-plugin:jar:1.2.1 is missing, no dependency information available
2021-08-25 21:26:38,883 [Worker-13: Building] WARN  o.e.m.c.i.embedder.EclipseLogger - Failed to retrieve plugin descriptor for org.codehaus.mojo:exec-maven-plugin:1.2.1: Plugin org.codehaus.mojo:exec-maven-plugin:1.2.1 or one of its dependencies could not be resolved: Cannot access central (https://repo.maven.apache.org/maven2) in offline mode and the artifact org.codehaus.mojo:exec-maven-plugin:jar:1.2.1 has not been downloaded from it before.
2021-08-25 21:26:38,884 [Worker-13: Building] WARN  o.e.m.c.i.embedder.EclipseLogger - The POM for om.fasterxml.jackson.core:jackson-core:jar:2.8.9 is missing, no dependency information available
2021-08-25 21:26:38,885 [Worker-13: Building] WARN  o.e.m.c.i.embedder.EclipseLogger - Failed to retrieve plugin descriptor for om.fasterxml.jackson.core:jackson-core:2.8.9: Plugin om.fasterxml.jackson.core:jackson-core:2.8.9 or one of its dependencies could not be resolved: Cannot access central (https://repo.maven.apache.org/maven2) in offline mode and the artifact om.fasterxml.jackson.core:jackson-core:jar:2.8.9 has not been downloaded from it before.
2021-08-25 21:26:38,887 [Worker-13: Building] WARN  o.e.m.c.i.embedder.EclipseLogger - The POM for org.apache.maven.plugins:maven-clean-plugin:jar:2.5 is missing, no dependency information available
2021-08-25 21:26:38,893 [Worker-13: Building] WARN  o.e.m.c.i.embedder.EclipseLogger - The POM for org.apache.maven.plugins:maven-eclipse-plugin:jar:2.9 is missing, no dependency information available
2021-08-25 21:26:38,894 [Worker-13: Building] WARN  o.e.m.c.i.embedder.EclipseLogger - Failed to retrieve plugin descriptor for org.apache.maven.plugins:maven-eclipse-plugin:2.9: Plugin org.apache.maven.plugins:maven-eclipse-plugin:2.9 or one of its dependencies could not be resolved: Cannot access central (https://repo.maven.apache.org/maven2) in offline mode and the artifact org.apache.maven.plugins:maven-eclipse-plugin:jar:2.9 has not been downloaded from it before.
2021-08-25 21:26:38,897 [Worker-13: Building] WARN  o.e.m.c.i.embedder.EclipseLogger - The POM for org.codehaus.mojo:exec-maven-plugin:jar:1.2.1 is missing, no dependency information available
2021-08-25 21:26:38,899 [Worker-13: Building] WARN  o.e.m.c.i.embedder.EclipseLogger - Failed to retrieve plugin descriptor for org.codehaus.mojo:exec-maven-plugin:1.2.1: Plugin org.codehaus.mojo:exec-maven-plugin:1.2.1 or one of its dependencies could not be resolved: Cannot access central (https://repo.maven.apache.org/maven2) in offline mode and the artifact org.codehaus.mojo:exec-maven-plugin:jar:1.2.1 has not been downloaded from it before.
2021-08-25 21:26:38,901 [Worker-13: Building] WARN  o.e.m.c.i.embedder.EclipseLogger - The POM for om.fasterxml.jackson.core:jackson-core:jar:2.8.9 is missing, no dependency information available
2021-08-25 21:26:38,902 [Worker-13: Building] WARN  o.e.m.c.i.embedder.EclipseLogger - Failed to retrieve plugin descriptor for om.fasterxml.jackson.core:jackson-core:2.8.9: Plugin om.fasterxml.jackson.core:jackson-core:2.8.9 or one of its dependencies could not be resolved: Cannot access central (https://repo.maven.apache.org/maven2) in offline mode and the artifact om.fasterxml.jackson.core:jackson-core:jar:2.8.9 has not been downloaded from it before.
2021-08-25 21:26:38,908 [Worker-13: Building] WARN  o.e.m.c.i.embedder.EclipseLogger - Using platform encoding (MS949 actually) to copy filtered resources, i.e. build is platform dependent!
2021-08-25 21:27:21,959 [Worker-10: Building] WARN  o.e.m.c.i.embedder.EclipseLogger - Using platform encoding (MS949 actually) to copy filtered resources, i.e. build is platform dependent!
2021-08-25 21:27:21,961 [Worker-10: Building] INFO  o.e.m.c.i.embedder.EclipseLogger - skip non existing resourceDirectory C:\ohjuproject_file\study02\SpringPRJ2.0\src\main\resources
2021-08-25 21:27:21,963 [Worker-10: Building] WARN  o.e.m.c.i.embedder.EclipseLogger - Using platform encoding (MS949 actually) to copy filtered resources, i.e. build is platform dependent!
2021-08-25 21:27:21,964 [Worker-10: Building] INFO  o.e.m.c.i.embedder.EclipseLogger - skip non existing resourceDirectory C:\ohjuproject_file\study02\SpringPRJ2.0\src\test\resources
2021-08-25 21:27:27,132 [Worker-4: Building] WARN  o.e.m.c.i.embedder.EclipseLogger - Using platform encoding (MS949 actually) to copy filtered resources, i.e. build is platform dependent!
2021-08-25 21:27:27,135 [Worker-4: Building] INFO  o.e.m.c.i.embedder.EclipseLogger - skip non existing resourceDirectory C:\ohjuproject_file\study02\SpringPRJ2.0\src\main\resources
2021-08-25 21:27:27,136 [Worker-4: Building] WARN  o.e.m.c.i.embedder.EclipseLogger - Using platform encoding (MS949 actually) to copy filtered resources, i.e. build is platform dependent!
2021-08-25 21:27:27,140 [Worker-4: Building] INFO  o.e.m.c.i.embedder.EclipseLogger - skip non existing resourceDirectory C:\ohjuproject_file\study02\SpringPRJ2.0\src\test\resources
2021-08-25 21:27:36,769 [Worker-0: Building] WARN  o.e.m.c.i.embedder.EclipseLogger - Using platform encoding (MS949 actually) to copy filtered resources, i.e. build is platform dependent!
2021-08-25 21:27:36,770 [Worker-0: Building] INFO  o.e.m.c.i.embedder.EclipseLogger - skip non existing resourceDirectory C:\ohjuproject_file\study02\SpringPRJ2.0\src\main\resources
2021-08-25 21:27:36,772 [Worker-0: Building] WARN  o.e.m.c.i.embedder.EclipseLogger - Using platform encoding (MS949 actually) to copy filtered resources, i.e. build is platform dependent!
2021-08-25 21:27:36,774 [Worker-0: Building] INFO  o.e.m.c.i.embedder.EclipseLogger - skip non existing resourceDirectory C:\ohjuproject_file\study02\SpringPRJ2.0\src\test\resources
2021-08-25 21:27:37,851 [Worker-0: Building] WARN  o.e.m.c.i.embedder.EclipseLogger - Using platform encoding (MS949 actually) to copy filtered resources, i.e. build is platform dependent!
2021-08-25 21:27:37,852 [Worker-0: Building] INFO  o.e.m.c.i.embedder.EclipseLogger - skip non existing resourceDirectory C:\ohjuproject_file\study02\SpringPRJ2.0\src\main\resources
2021-08-25 21:27:37,854 [Worker-0: Building] WARN  o.e.m.c.i.embedder.EclipseLogger - Using platform encoding (MS949 actually) to copy filtered resources, i.e. build is platform dependent!
2021-08-25 21:27:37,855 [Worker-0: Building] INFO  o.e.m.c.i.embedder.EclipseLogger - skip non existing resourceDirectory C:\ohjuproject_file\study02\SpringPRJ2.0\src\test\resources
2021-08-25 21:28:01,219 [Worker-20: Building] WARN  o.e.m.c.i.embedder.EclipseLogger - Using platform encoding (MS949 actually) to copy filtered resources, i.e. build is platform dependent!
2021-08-25 21:28:01,222 [Worker-20: Building] INFO  o.e.m.c.i.embedder.EclipseLogger - skip non existing resourceDirectory C:\ohjuproject_file\study02\SpringPRJ2.0\src\main\resources
2021-08-25 21:28:01,224 [Worker-20: Building] WARN  o.e.m.c.i.embedder.EclipseLogger - Using platform encoding (MS949 actually) to copy filtered resources, i.e. build is platform dependent!
2021-08-25 21:28:01,227 [Worker-20: Building] INFO  o.e.m.c.i.embedder.EclipseLogger - skip non existing resourceDirectory C:\ohjuproject_file\study02\SpringPRJ2.0\src\test\resources
2021-08-25 21:28:03,270 [Worker-7: Building] WARN  o.e.m.c.i.embedder.EclipseLogger - Using platform encoding (MS949 actually) to copy filtered resources, i.e. build is platform dependent!
2021-08-25 21:28:03,272 [Worker-7: Building] INFO  o.e.m.c.i.embedder.EclipseLogger - skip non existing resourceDirectory C:\ohjuproject_file\study02\SpringPRJ2.0\src\main\resources
2021-08-25 21:28:03,275 [Worker-7: Building] WARN  o.e.m.c.i.embedder.EclipseLogger - Using platform encoding (MS949 actually) to copy filtered resources, i.e. build is platform dependent!
2021-08-25 21:28:03,276 [Worker-7: Building] INFO  o.e.m.c.i.embedder.EclipseLogger - skip non existing resourceDirectory C:\ohjuproject_file\study02\SpringPRJ2.0\src\test\resources
2021-08-25 21:28:33,573 [Worker-8: Building] WARN  o.e.m.c.i.embedder.EclipseLogger - Using platform encoding (MS949 actually) to copy filtered resources, i.e. build is platform dependent!
2021-08-25 21:28:33,575 [Worker-8: Building] INFO  o.e.m.c.i.embedder.EclipseLogger - skip non existing resourceDirectory C:\ohjuproject_file\study02\SpringPRJ2.0\src\main\resources
2021-08-25 21:28:33,576 [Worker-8: Building] WARN  o.e.m.c.i.embedder.EclipseLogger - Using platform encoding (MS949 actually) to copy filtered resources, i.e. build is platform dependent!
2021-08-25 21:28:33,577 [Worker-8: Building] INFO  o.e.m.c.i.embedder.EclipseLogger - skip non existing resourceDirectory C:\ohjuproject_file\study02\SpringPRJ2.0\src\test\resources
2021-08-25 21:29:00,946 [Worker-15: Building] WARN  o.e.m.c.i.embedder.EclipseLogger - Using platform encoding (MS949 actually) to copy filtered resources, i.e. build is platform dependent!
2021-08-25 21:29:00,948 [Worker-15: Building] INFO  o.e.m.c.i.embedder.EclipseLogger - skip non existing resourceDirectory C:\ohjuproject_file\study02\SpringPRJ2.0\src\main\resources
2021-08-25 21:29:00,950 [Worker-15: Building] WARN  o.e.m.c.i.embedder.EclipseLogger - Using platform encoding (MS949 actually) to copy filtered resources, i.e. build is platform dependent!
2021-08-25 21:29:00,951 [Worker-15: Building] INFO  o.e.m.c.i.embedder.EclipseLogger - skip non existing resourceDirectory C:\ohjuproject_file\study02\SpringPRJ2.0\src\test\resources
2021-08-25 21:31:13,431 [Worker-4: Updating Maven Project] INFO  o.e.m.c.i.p.ProjectConfigurationManager - Update started
2021-08-25 21:31:13,749 [Worker-4: Updating Maven Project] INFO  o.e.m.c.i.l.LifecycleMappingFactory - Using org.maven.ide.eclipse.wtp.WarLifecycleMapping lifecycle mapping for MavenProject: kopo:SpringPRJ2.0:0.0.1-SNAPSHOT @ C:\ohjuproject_file\study02\SpringPRJ2.0\pom.xml.
2021-08-25 21:31:14,520 [Worker-4: Updating Maven Project] INFO  o.e.m.j.i.AbstractJavaProjectConfigurator - Not adding source folder /SpringPRJ2.0/src/main/java because it overlaps with /SpringPRJ2.0/src
2021-08-25 21:31:14,521 [Worker-4: Updating Maven Project] INFO  o.e.m.j.i.AbstractJavaProjectConfigurator - Not adding source folder /SpringPRJ2.0/src/test/java because it overlaps with /SpringPRJ2.0/src
2021-08-25 21:31:15,422 [Worker-4: Updating Maven Project] INFO  o.e.m.w.i.f.ResourceFilteringBuildParticipant - Cleaning filtered folder for SpringPRJ2.0
2021-08-25 21:31:15,432 [Worker-4: Updating Maven Project] INFO  o.e.m.c.i.p.ProjectConfigurationManager - Update completed: 2 sec
2021-08-25 21:31:15,993 [Worker-12: Building] WARN  o.e.m.c.i.embedder.EclipseLogger - Using platform encoding (MS949 actually) to copy filtered resources, i.e. build is platform dependent!
2021-08-25 21:31:15,995 [Worker-12: Building] INFO  o.e.m.c.i.embedder.EclipseLogger - skip non existing resourceDirectory C:\ohjuproject_file\study02\SpringPRJ2.0\src\main\resources
2021-08-25 21:31:15,999 [Worker-12: Building] WARN  o.e.m.c.i.embedder.EclipseLogger - Using platform encoding (MS949 actually) to copy filtered resources, i.e. build is platform dependent!
2021-08-25 21:31:16,001 [Worker-12: Building] INFO  o.e.m.c.i.embedder.EclipseLogger - skip non existing resourceDirectory C:\ohjuproject_file\study02\SpringPRJ2.0\src\test\resources
2021-08-25 21:31:16,002 [Worker-12: Building] INFO  o.e.m.w.i.f.ResourceFilteringBuildParticipant - Changed resources require a complete clean of filtered resources of SpringPRJ2.0
2021-08-25 21:31:16,002 [Worker-12: Building] INFO  o.e.m.w.i.f.ResourceFilteringBuildParticipant - Executing resource filtering for SpringPRJ2.0
2021-08-25 21:31:16,005 [Worker-12: Building] WARN  o.e.m.c.i.embedder.EclipseLogger - The POM for org.apache.maven.plugins:maven-eclipse-plugin:jar:2.9 is missing, no dependency information available
2021-08-25 21:31:16,007 [Worker-12: Building] WARN  o.e.m.c.i.embedder.EclipseLogger - Failed to retrieve plugin descriptor for org.apache.maven.plugins:maven-eclipse-plugin:2.9: Plugin org.apache.maven.plugins:maven-eclipse-plugin:2.9 or one of its dependencies could not be resolved: Cannot access central (https://repo.maven.apache.org/maven2) in offline mode and the artifact org.apache.maven.plugins:maven-eclipse-plugin:jar:2.9 has not been downloaded from it before.
2021-08-25 21:31:16,009 [Worker-12: Building] WARN  o.e.m.c.i.embedder.EclipseLogger - The POM for org.codehaus.mojo:exec-maven-plugin:jar:1.2.1 is missing, no dependency information available
2021-08-25 21:31:16,010 [Worker-12: Building] WARN  o.e.m.c.i.embedder.EclipseLogger - Failed to retrieve plugin descriptor for org.codehaus.mojo:exec-maven-plugin:1.2.1: Plugin org.codehaus.mojo:exec-maven-plugin:1.2.1 or one of its dependencies could not be resolved: Cannot access central (https://repo.maven.apache.org/maven2) in offline mode and the artifact org.codehaus.mojo:exec-maven-plugin:jar:1.2.1 has not been downloaded from it before.
2021-08-25 21:31:16,012 [Worker-12: Building] WARN  o.e.m.c.i.embedder.EclipseLogger - The POM for om.fasterxml.jackson.core:jackson-core:jar:2.8.9 is missing, no dependency information available
2021-08-25 21:31:16,013 [Worker-12: Building] WARN  o.e.m.c.i.embedder.EclipseLogger - Failed to retrieve plugin descriptor for om.fasterxml.jackson.core:jackson-core:2.8.9: Plugin om.fasterxml.jackson.core:jackson-core:2.8.9 or one of its dependencies could not be resolved: Cannot access central (https://repo.maven.apache.org/maven2) in offline mode and the artifact om.fasterxml.jackson.core:jackson-core:jar:2.8.9 has not been downloaded from it before.
2021-08-25 21:31:16,015 [Worker-12: Building] WARN  o.e.m.c.i.embedder.EclipseLogger - The POM for org.apache.maven.plugins:maven-eclipse-plugin:jar:2.9 is missing, no dependency information available
2021-08-25 21:31:16,017 [Worker-12: Building] WARN  o.e.m.c.i.embedder.EclipseLogger - Failed to retrieve plugin descriptor for org.apache.maven.plugins:maven-eclipse-plugin:2.9: Plugin org.apache.maven.plugins:maven-eclipse-plugin:2.9 or one of its dependencies could not be resolved: Cannot access central (https://repo.maven.apache.org/maven2) in offline mode and the artifact org.apache.maven.plugins:maven-eclipse-plugin:jar:2.9 has not been downloaded from it before.
2021-08-25 21:31:16,018 [Worker-12: Building] WARN  o.e.m.c.i.embedder.EclipseLogger - The POM for org.codehaus.mojo:exec-maven-plugin:jar:1.2.1 is missing, no dependency information available
2021-08-25 21:31:16,018 [Worker-12: Building] WARN  o.e.m.c.i.embedder.EclipseLogger - Failed to retrieve plugin descriptor for org.codehaus.mojo:exec-maven-plugin:1.2.1: Plugin org.codehaus.mojo:exec-maven-plugin:1.2.1 or one of its dependencies could not be resolved: Cannot access central (https://repo.maven.apache.org/maven2) in offline mode and the artifact org.codehaus.mojo:exec-maven-plugin:jar:1.2.1 has not been downloaded from it before.
2021-08-25 21:31:16,021 [Worker-12: Building] WARN  o.e.m.c.i.embedder.EclipseLogger - The POM for om.fasterxml.jackson.core:jackson-core:jar:2.8.9 is missing, no dependency information available
2021-08-25 21:31:16,021 [Worker-12: Building] WARN  o.e.m.c.i.embedder.EclipseLogger - Failed to retrieve plugin descriptor for om.fasterxml.jackson.core:jackson-core:2.8.9: Plugin om.fasterxml.jackson.core:jackson-core:2.8.9 or one of its dependencies could not be resolved: Cannot access central (https://repo.maven.apache.org/maven2) in offline mode and the artifact om.fasterxml.jackson.core:jackson-core:jar:2.8.9 has not been downloaded from it before.
2021-08-25 21:31:16,026 [Worker-12: Building] WARN  o.e.m.c.i.embedder.EclipseLogger - Using platform encoding (MS949 actually) to copy filtered resources, i.e. build is platform dependent!
2021-08-25 21:31:44,453 [Worker-6: Building] WARN  o.e.m.c.i.embedder.EclipseLogger - Using platform encoding (MS949 actually) to copy filtered resources, i.e. build is platform dependent!
2021-08-25 21:31:44,455 [Worker-6: Building] INFO  o.e.m.c.i.embedder.EclipseLogger - skip non existing resourceDirectory C:\ohjuproject_file\study02\SpringPRJ2.0\src\main\resources
2021-08-25 21:31:44,457 [Worker-6: Building] WARN  o.e.m.c.i.embedder.EclipseLogger - Using platform encoding (MS949 actually) to copy filtered resources, i.e. build is platform dependent!
2021-08-25 21:31:44,459 [Worker-6: Building] INFO  o.e.m.c.i.embedder.EclipseLogger - skip non existing resourceDirectory C:\ohjuproject_file\study02\SpringPRJ2.0\src\test\resources
2021-08-25 21:34:40,281 [Worker-17: Building] WARN  o.e.m.c.i.embedder.EclipseLogger - Using platform encoding (MS949 actually) to copy filtered resources, i.e. build is platform dependent!
2021-08-25 21:34:40,282 [Worker-17: Building] INFO  o.e.m.c.i.embedder.EclipseLogger - skip non existing resourceDirectory C:\ohjuproject_file\study02\SpringPRJ2.0\src\main\resources
2021-08-25 21:34:40,283 [Worker-17: Building] WARN  o.e.m.c.i.embedder.EclipseLogger - Using platform encoding (MS949 actually) to copy filtered resources, i.e. build is platform dependent!
2021-08-25 21:34:40,284 [Worker-17: Building] INFO  o.e.m.c.i.embedder.EclipseLogger - skip non existing resourceDirectory C:\ohjuproject_file\study02\SpringPRJ2.0\src\test\resources
2021-08-25 21:36:31,136 [Worker-12: Building] WARN  o.e.m.c.i.embedder.EclipseLogger - Using platform encoding (MS949 actually) to copy filtered resources, i.e. build is platform dependent!
2021-08-25 21:36:31,137 [Worker-12: Building] INFO  o.e.m.c.i.embedder.EclipseLogger - skip non existing resourceDirectory C:\ohjuproject_file\study02\SpringPRJ2.0\src\main\resources
2021-08-25 21:36:31,138 [Worker-12: Building] WARN  o.e.m.c.i.embedder.EclipseLogger - Using platform encoding (MS949 actually) to copy filtered resources, i.e. build is platform dependent!
2021-08-25 21:36:31,139 [Worker-12: Building] INFO  o.e.m.c.i.embedder.EclipseLogger - skip non existing resourceDirectory C:\ohjuproject_file\study02\SpringPRJ2.0\src\test\resources
2021-08-25 21:37:15,366 [Worker-6: Building] WARN  o.e.m.c.i.embedder.EclipseLogger - Using platform encoding (MS949 actually) to copy filtered resources, i.e. build is platform dependent!
2021-08-25 21:37:15,368 [Worker-6: Building] INFO  o.e.m.c.i.embedder.EclipseLogger - skip non existing resourceDirectory C:\ohjuproject_file\study02\SpringPRJ2.0\src\main\resources
2021-08-25 21:37:15,369 [Worker-6: Building] WARN  o.e.m.c.i.embedder.EclipseLogger - Using platform encoding (MS949 actually) to copy filtered resources, i.e. build is platform dependent!
2021-08-25 21:37:15,369 [Worker-6: Building] INFO  o.e.m.c.i.embedder.EclipseLogger - skip non existing resourceDirectory C:\ohjuproject_file\study02\SpringPRJ2.0\src\test\resources
2021-08-25 21:41:32,892 [Worker-21: Building] WARN  o.e.m.c.i.embedder.EclipseLogger - Using platform encoding (MS949 actually) to copy filtered resources, i.e. build is platform dependent!
2021-08-25 21:41:32,892 [Worker-21: Building] INFO  o.e.m.c.i.embedder.EclipseLogger - skip non existing resourceDirectory C:\ohjuproject_file\study02\SpringPRJ2.0\src\main\resources
2021-08-25 21:41:32,893 [Worker-21: Building] WARN  o.e.m.c.i.embedder.EclipseLogger - Using platform encoding (MS949 actually) to copy filtered resources, i.e. build is platform dependent!
2021-08-25 21:41:32,894 [Worker-21: Building] INFO  o.e.m.c.i.embedder.EclipseLogger - skip non existing resourceDirectory C:\ohjuproject_file\study02\SpringPRJ2.0\src\test\resources
2021-08-25 21:41:59,463 [Worker-21: Building] WARN  o.e.m.c.i.embedder.EclipseLogger - Using platform encoding (MS949 actually) to copy filtered resources, i.e. build is platform dependent!
2021-08-25 21:41:59,464 [Worker-21: Building] INFO  o.e.m.c.i.embedder.EclipseLogger - skip non existing resourceDirectory C:\ohjuproject_file\study02\SpringPRJ2.0\src\main\resources
2021-08-25 21:41:59,466 [Worker-21: Building] WARN  o.e.m.c.i.embedder.EclipseLogger - Using platform encoding (MS949 actually) to copy filtered resources, i.e. build is platform dependent!
2021-08-25 21:41:59,467 [Worker-21: Building] INFO  o.e.m.c.i.embedder.EclipseLogger - skip non existing resourceDirectory C:\ohjuproject_file\study02\SpringPRJ2.0\src\test\resources
2021-08-25 21:55:29,653 [Worker-16: Building] WARN  o.e.m.c.i.embedder.EclipseLogger - Using platform encoding (MS949 actually) to copy filtered resources, i.e. build is platform dependent!
2021-08-25 21:55:29,654 [Worker-16: Building] INFO  o.e.m.c.i.embedder.EclipseLogger - skip non existing resourceDirectory C:\ohjuproject_file\study02\SpringPRJ2.0\src\main\resources
2021-08-25 21:55:29,655 [Worker-16: Building] WARN  o.e.m.c.i.embedder.EclipseLogger - Using platform encoding (MS949 actually) to copy filtered resources, i.e. build is platform dependent!
2021-08-25 21:55:29,656 [Worker-16: Building] INFO  o.e.m.c.i.embedder.EclipseLogger - skip non existing resourceDirectory C:\ohjuproject_file\study02\SpringPRJ2.0\src\test\resources
2021-08-26 11:23:44,630 [Worker-3: Loading available Gradle versions] INFO  o.e.b.c.i.u.g.PublishedGradleVersions - Gradle version information cache is up-to-date. Trying to read.
2021-08-26 11:23:51,969 [Worker-5: Building] WARN  o.e.m.c.i.embedder.EclipseLogger - Using platform encoding (MS949 actually) to copy filtered resources, i.e. build is platform dependent!
2021-08-26 11:23:51,971 [Worker-5: Building] INFO  o.e.m.c.i.embedder.EclipseLogger - skip non existing resourceDirectory C:\ohjuproject_file\study02\SpringPRJ2.0\src\main\resources
2021-08-26 11:23:51,973 [Worker-5: Building] WARN  o.e.m.c.i.embedder.EclipseLogger - Using platform encoding (MS949 actually) to copy filtered resources, i.e. build is platform dependent!
2021-08-26 11:23:51,994 [Worker-5: Building] INFO  o.e.m.c.i.embedder.EclipseLogger - skip non existing resourceDirectory C:\ohjuproject_file\study02\SpringPRJ2.0\src\test\resources
2021-08-26 11:24:14,029 [Worker-0: Building] WARN  o.e.m.c.i.embedder.EclipseLogger - Using platform encoding (MS949 actually) to copy filtered resources, i.e. build is platform dependent!
2021-08-26 11:24:14,031 [Worker-0: Building] INFO  o.e.m.c.i.embedder.EclipseLogger - skip non existing resourceDirectory C:\ohjuproject_file\study02\SpringPRJ2.0\src\main\resources
2021-08-26 11:24:14,033 [Worker-0: Building] WARN  o.e.m.c.i.embedder.EclipseLogger - Using platform encoding (MS949 actually) to copy filtered resources, i.e. build is platform dependent!
2021-08-26 11:24:14,034 [Worker-0: Building] INFO  o.e.m.c.i.embedder.EclipseLogger - skip non existing resourceDirectory C:\ohjuproject_file\study02\SpringPRJ2.0\src\test\resources
2021-09-01 12:36:31,922 [Worker-3: Loading available Gradle versions] INFO  o.e.b.c.i.u.g.PublishedGradleVersions - Gradle version information cache is up-to-date. Trying to read.
2021-09-01 12:36:40,329 [Worker-5: Building] WARN  o.e.m.c.i.embedder.EclipseLogger - Using platform encoding (MS949 actually) to copy filtered resources, i.e. build is platform dependent!
2021-09-01 12:36:40,330 [Worker-5: Building] INFO  o.e.m.c.i.embedder.EclipseLogger - skip non existing resourceDirectory C:\ohjuproject_file\study02\SpringPRJ2.0\src\main\resources
2021-09-01 12:36:40,332 [Worker-5: Building] WARN  o.e.m.c.i.embedder.EclipseLogger - Using platform encoding (MS949 actually) to copy filtered resources, i.e. build is platform dependent!
2021-09-01 12:36:40,333 [Worker-5: Building] INFO  o.e.m.c.i.embedder.EclipseLogger - skip non existing resourceDirectory C:\ohjuproject_file\study02\SpringPRJ2.0\src\test\resources
2021-09-01 13:39:08,963 [Worker-30: Building] WARN  o.e.m.c.i.embedder.EclipseLogger - Using platform encoding (MS949 actually) to copy filtered resources, i.e. build is platform dependent!
2021-09-01 13:39:08,965 [Worker-30: Building] INFO  o.e.m.c.i.embedder.EclipseLogger - skip non existing resourceDirectory C:\ohjuproject_file\study02\SpringPRJ2.0\src\main\resources
2021-09-01 13:39:08,966 [Worker-30: Building] WARN  o.e.m.c.i.embedder.EclipseLogger - Using platform encoding (MS949 actually) to copy filtered resources, i.e. build is platform dependent!
2021-09-01 13:39:08,967 [Worker-30: Building] INFO  o.e.m.c.i.embedder.EclipseLogger - skip non existing resourceDirectory C:\ohjuproject_file\study02\SpringPRJ2.0\src\test\resources
2021-09-02 16:58:56,103 [Worker-3: Loading available Gradle versions] INFO  o.e.b.c.i.u.g.PublishedGradleVersions - Gradle version information cache is out-of-date. Trying to update.
2021-09-02 16:59:03,724 [Worker-4: Building] WARN  o.e.m.c.i.embedder.EclipseLogger - Using platform encoding (MS949 actually) to copy filtered resources, i.e. build is platform dependent!
2021-09-02 16:59:03,725 [Worker-4: Building] INFO  o.e.m.c.i.embedder.EclipseLogger - skip non existing resourceDirectory C:\ohjuproject_file\study02\SpringPRJ2.0\src\main\resources
2021-09-02 16:59:03,727 [Worker-4: Building] WARN  o.e.m.c.i.embedder.EclipseLogger - Using platform encoding (MS949 actually) to copy filtered resources, i.e. build is platform dependent!
2021-09-02 16:59:03,728 [Worker-4: Building] INFO  o.e.m.c.i.embedder.EclipseLogger - skip non existing resourceDirectory C:\ohjuproject_file\study02\SpringPRJ2.0\src\test\resources
2021-09-02 16:59:36,492 [Worker-15: Building] WARN  o.e.m.c.i.embedder.EclipseLogger - Using platform encoding (MS949 actually) to copy filtered resources, i.e. build is platform dependent!
2021-09-02 16:59:36,495 [Worker-15: Building] INFO  o.e.m.c.i.embedder.EclipseLogger - skip non existing resourceDirectory C:\ohjuproject_file\study02\SpringPRJ2.0\src\main\resources
2021-09-02 16:59:36,498 [Worker-15: Building] WARN  o.e.m.c.i.embedder.EclipseLogger - Using platform encoding (MS949 actually) to copy filtered resources, i.e. build is platform dependent!
2021-09-02 16:59:36,501 [Worker-15: Building] INFO  o.e.m.c.i.embedder.EclipseLogger - skip non existing resourceDirectory C:\ohjuproject_file\study02\SpringPRJ2.0\src\test\resources
2021-09-03 18:05:47,386 [Worker-4: Loading available Gradle versions] INFO  o.e.b.c.i.u.g.PublishedGradleVersions - Gradle version information cache is out-of-date. Trying to update.
2021-09-03 18:05:57,120 [Worker-4: Building] WARN  o.e.m.c.i.embedder.EclipseLogger - Using platform encoding (MS949 actually) to copy filtered resources, i.e. build is platform dependent!
2021-09-03 18:05:57,122 [Worker-4: Building] INFO  o.e.m.c.i.embedder.EclipseLogger - skip non existing resourceDirectory C:\ohjuproject_file\study02\SpringPRJ2.0\src\main\resources
2021-09-03 18:05:57,126 [Worker-4: Building] WARN  o.e.m.c.i.embedder.EclipseLogger - Using platform encoding (MS949 actually) to copy filtered resources, i.e. build is platform dependent!
2021-09-03 18:05:57,127 [Worker-4: Building] INFO  o.e.m.c.i.embedder.EclipseLogger - skip non existing resourceDirectory C:\ohjuproject_file\study02\SpringPRJ2.0\src\test\resources
2021-09-08 12:35:10,294 [Worker-5: Loading available Gradle versions] INFO  o.e.b.c.i.u.g.PublishedGradleVersions - Gradle version information cache is up-to-date. Trying to read.
2021-09-08 14:36:36,150 [Worker-81: Building] INFO  o.e.m.c.i.l.LifecycleMappingFactory - Using org.maven.ide.eclipse.wtp.WarLifecycleMapping lifecycle mapping for MavenProject: kopo:SpringPRJ2.0:0.0.1-SNAPSHOT @ C:\ohjuproject_file\study02\SpringPRJ2.0\pom.xml.
2021-09-08 14:36:37,842 [Worker-81: Building] WARN  o.e.m.c.i.embedder.EclipseLogger - Using platform encoding (MS949 actually) to copy filtered resources, i.e. build is platform dependent!
2021-09-08 14:36:37,843 [Worker-81: Building] INFO  o.e.m.c.i.embedder.EclipseLogger - skip non existing resourceDirectory C:\ohjuproject_file\study02\SpringPRJ2.0\src\main\resources
2021-09-08 14:36:37,846 [Worker-81: Building] WARN  o.e.m.c.i.embedder.EclipseLogger - Using platform encoding (MS949 actually) to copy filtered resources, i.e. build is platform dependent!
2021-09-08 14:36:37,846 [Worker-81: Building] INFO  o.e.m.c.i.embedder.EclipseLogger - skip non existing resourceDirectory C:\ohjuproject_file\study02\SpringPRJ2.0\src\test\resources
2021-09-08 14:36:37,848 [Worker-81: Building] INFO  o.e.m.w.i.f.ResourceFilteringBuildParticipant - Changed resources require a complete clean of filtered resources of SpringPRJ2.0
2021-09-08 14:36:37,848 [Worker-81: Building] INFO  o.e.m.w.i.f.ResourceFilteringBuildParticipant - Executing resource filtering for SpringPRJ2.0
2021-09-08 14:36:37,852 [Worker-81: Building] WARN  o.e.m.c.i.embedder.EclipseLogger - The POM for org.apache.maven.plugins:maven-eclipse-plugin:jar:2.9 is missing, no dependency information available
2021-09-08 14:36:37,854 [Worker-81: Building] WARN  o.e.m.c.i.embedder.EclipseLogger - Failed to retrieve plugin descriptor for org.apache.maven.plugins:maven-eclipse-plugin:2.9: Plugin org.apache.maven.plugins:maven-eclipse-plugin:2.9 or one of its dependencies could not be resolved: Cannot access central (https://repo.maven.apache.org/maven2) in offline mode and the artifact org.apache.maven.plugins:maven-eclipse-plugin:jar:2.9 has not been downloaded from it before.
2021-09-08 14:36:37,855 [Worker-81: Building] WARN  o.e.m.c.i.embedder.EclipseLogger - The POM for org.codehaus.mojo:exec-maven-plugin:jar:1.2.1 is missing, no dependency information available
2021-09-08 14:36:37,855 [Worker-81: Building] WARN  o.e.m.c.i.embedder.EclipseLogger - Failed to retrieve plugin descriptor for org.codehaus.mojo:exec-maven-plugin:1.2.1: Plugin org.codehaus.mojo:exec-maven-plugin:1.2.1 or one of its dependencies could not be resolved: Cannot access central (https://repo.maven.apache.org/maven2) in offline mode and the artifact org.codehaus.mojo:exec-maven-plugin:jar:1.2.1 has not been downloaded from it before.
2021-09-08 14:36:37,856 [Worker-81: Building] WARN  o.e.m.c.i.embedder.EclipseLogger - The POM for om.fasterxml.jackson.core:jackson-core:jar:2.8.9 is missing, no dependency information available
2021-09-08 14:36:37,856 [Worker-81: Building] WARN  o.e.m.c.i.embedder.EclipseLogger - Failed to retrieve plugin descriptor for om.fasterxml.jackson.core:jackson-core:2.8.9: Plugin om.fasterxml.jackson.core:jackson-core:2.8.9 or one of its dependencies could not be resolved: Cannot access central (https://repo.maven.apache.org/maven2) in offline mode and the artifact om.fasterxml.jackson.core:jackson-core:jar:2.8.9 has not been downloaded from it before.
2021-09-08 14:36:37,857 [Worker-81: Building] WARN  o.e.m.c.i.embedder.EclipseLogger - The POM for org.apache.maven.plugins:maven-clean-plugin:jar:2.5 is missing, no dependency information available
2021-09-08 14:36:37,859 [Worker-81: Building] WARN  o.e.m.c.i.embedder.EclipseLogger - The POM for org.apache.maven.plugins:maven-eclipse-plugin:jar:2.9 is missing, no dependency information available
2021-09-08 14:36:37,860 [Worker-81: Building] WARN  o.e.m.c.i.embedder.EclipseLogger - Failed to retrieve plugin descriptor for org.apache.maven.plugins:maven-eclipse-plugin:2.9: Plugin org.apache.maven.plugins:maven-eclipse-plugin:2.9 or one of its dependencies could not be resolved: Cannot access central (https://repo.maven.apache.org/maven2) in offline mode and the artifact org.apache.maven.plugins:maven-eclipse-plugin:jar:2.9 has not been downloaded from it before.
2021-09-08 14:36:37,860 [Worker-81: Building] WARN  o.e.m.c.i.embedder.EclipseLogger - The POM for org.codehaus.mojo:exec-maven-plugin:jar:1.2.1 is missing, no dependency information available
2021-09-08 14:36:37,861 [Worker-81: Building] WARN  o.e.m.c.i.embedder.EclipseLogger - Failed to retrieve plugin descriptor for org.codehaus.mojo:exec-maven-plugin:1.2.1: Plugin org.codehaus.mojo:exec-maven-plugin:1.2.1 or one of its dependencies could not be resolved: Cannot access central (https://repo.maven.apache.org/maven2) in offline mode and the artifact org.codehaus.mojo:exec-maven-plugin:jar:1.2.1 has not been downloaded from it before.
2021-09-08 14:36:37,861 [Worker-81: Building] WARN  o.e.m.c.i.embedder.EclipseLogger - The POM for om.fasterxml.jackson.core:jackson-core:jar:2.8.9 is missing, no dependency information available
2021-09-08 14:36:37,862 [Worker-81: Building] WARN  o.e.m.c.i.embedder.EclipseLogger - Failed to retrieve plugin descriptor for om.fasterxml.jackson.core:jackson-core:2.8.9: Plugin om.fasterxml.jackson.core:jackson-core:2.8.9 or one of its dependencies could not be resolved: Cannot access central (https://repo.maven.apache.org/maven2) in offline mode and the artifact om.fasterxml.jackson.core:jackson-core:jar:2.8.9 has not been downloaded from it before.
2021-09-08 14:36:37,865 [Worker-81: Building] WARN  o.e.m.c.i.embedder.EclipseLogger - Using platform encoding (MS949 actually) to copy filtered resources, i.e. build is platform dependent!
2021-09-08 14:36:39,291 [Worker-81: Building] WARN  o.e.m.c.i.embedder.EclipseLogger - Using platform encoding (MS949 actually) to copy filtered resources, i.e. build is platform dependent!
2021-09-08 14:36:39,291 [Worker-81: Building] INFO  o.e.m.c.i.embedder.EclipseLogger - skip non existing resourceDirectory C:\ohjuproject_file\study02\SpringPRJ2.0\src\main\resources
2021-09-08 14:36:39,292 [Worker-81: Building] WARN  o.e.m.c.i.embedder.EclipseLogger - Using platform encoding (MS949 actually) to copy filtered resources, i.e. build is platform dependent!
2021-09-08 14:36:39,293 [Worker-81: Building] INFO  o.e.m.c.i.embedder.EclipseLogger - skip non existing resourceDirectory C:\ohjuproject_file\study02\SpringPRJ2.0\src\test\resources
2021-09-08 14:37:42,714 [Worker-73: Building] INFO  o.e.m.c.i.l.LifecycleMappingFactory - Using org.maven.ide.eclipse.wtp.WarLifecycleMapping lifecycle mapping for MavenProject: kopo:SpringPRJ2.0:0.0.1-SNAPSHOT @ C:\ohjuproject_file\study02\SpringPRJ2.0\pom.xml.
2021-09-08 14:37:43,238 [Worker-73: Building] WARN  o.e.m.c.i.embedder.EclipseLogger - Using platform encoding (MS949 actually) to copy filtered resources, i.e. build is platform dependent!
2021-09-08 14:37:43,240 [Worker-73: Building] INFO  o.e.m.c.i.embedder.EclipseLogger - skip non existing resourceDirectory C:\ohjuproject_file\study02\SpringPRJ2.0\src\main\resources
2021-09-08 14:37:43,242 [Worker-73: Building] WARN  o.e.m.c.i.embedder.EclipseLogger - Using platform encoding (MS949 actually) to copy filtered resources, i.e. build is platform dependent!
2021-09-08 14:37:43,243 [Worker-73: Building] INFO  o.e.m.c.i.embedder.EclipseLogger - skip non existing resourceDirectory C:\ohjuproject_file\study02\SpringPRJ2.0\src\test\resources
2021-09-08 14:37:43,243 [Worker-73: Building] INFO  o.e.m.w.i.f.ResourceFilteringBuildParticipant - Changed resources require a complete clean of filtered resources of SpringPRJ2.0
2021-09-08 14:37:43,243 [Worker-73: Building] INFO  o.e.m.w.i.f.ResourceFilteringBuildParticipant - Executing resource filtering for SpringPRJ2.0
2021-09-08 14:37:43,246 [Worker-73: Building] WARN  o.e.m.c.i.embedder.EclipseLogger - The POM for org.apache.maven.plugins:maven-eclipse-plugin:jar:2.9 is missing, no dependency information available
2021-09-08 14:37:43,247 [Worker-73: Building] WARN  o.e.m.c.i.embedder.EclipseLogger - Failed to retrieve plugin descriptor for org.apache.maven.plugins:maven-eclipse-plugin:2.9: Plugin org.apache.maven.plugins:maven-eclipse-plugin:2.9 or one of its dependencies could not be resolved: Cannot access central (https://repo.maven.apache.org/maven2) in offline mode and the artifact org.apache.maven.plugins:maven-eclipse-plugin:jar:2.9 has not been downloaded from it before.
2021-09-08 14:37:43,248 [Worker-73: Building] WARN  o.e.m.c.i.embedder.EclipseLogger - The POM for org.codehaus.mojo:exec-maven-plugin:jar:1.2.1 is missing, no dependency information available
2021-09-08 14:37:43,249 [Worker-73: Building] WARN  o.e.m.c.i.embedder.EclipseLogger - Failed to retrieve plugin descriptor for org.codehaus.mojo:exec-maven-plugin:1.2.1: Plugin org.codehaus.mojo:exec-maven-plugin:1.2.1 or one of its dependencies could not be resolved: Cannot access central (https://repo.maven.apache.org/maven2) in offline mode and the artifact org.codehaus.mojo:exec-maven-plugin:jar:1.2.1 has not been downloaded from it before.
2021-09-08 14:37:43,250 [Worker-73: Building] WARN  o.e.m.c.i.embedder.EclipseLogger - The POM for om.fasterxml.jackson.core:jackson-core:jar:2.8.9 is missing, no dependency information available
2021-09-08 14:37:43,250 [Worker-73: Building] WARN  o.e.m.c.i.embedder.EclipseLogger - Failed to retrieve plugin descriptor for om.fasterxml.jackson.core:jackson-core:2.8.9: Plugin om.fasterxml.jackson.core:jackson-core:2.8.9 or one of its dependencies could not be resolved: Cannot access central (https://repo.maven.apache.org/maven2) in offline mode and the artifact om.fasterxml.jackson.core:jackson-core:jar:2.8.9 has not been downloaded from it before.
2021-09-08 14:37:43,251 [Worker-73: Building] WARN  o.e.m.c.i.embedder.EclipseLogger - The POM for org.apache.maven.plugins:maven-eclipse-plugin:jar:2.9 is missing, no dependency information available
2021-09-08 14:37:43,251 [Worker-73: Building] WARN  o.e.m.c.i.embedder.EclipseLogger - Failed to retrieve plugin descriptor for org.apache.maven.plugins:maven-eclipse-plugin:2.9: Plugin org.apache.maven.plugins:maven-eclipse-plugin:2.9 or one of its dependencies could not be resolved: Cannot access central (https://repo.maven.apache.org/maven2) in offline mode and the artifact org.apache.maven.plugins:maven-eclipse-plugin:jar:2.9 has not been downloaded from it before.
2021-09-08 14:37:43,252 [Worker-73: Building] WARN  o.e.m.c.i.embedder.EclipseLogger - The POM for org.codehaus.mojo:exec-maven-plugin:jar:1.2.1 is missing, no dependency information available
2021-09-08 14:37:43,252 [Worker-73: Building] WARN  o.e.m.c.i.embedder.EclipseLogger - Failed to retrieve plugin descriptor for org.codehaus.mojo:exec-maven-plugin:1.2.1: Plugin org.codehaus.mojo:exec-maven-plugin:1.2.1 or one of its dependencies could not be resolved: Cannot access central (https://repo.maven.apache.org/maven2) in offline mode and the artifact org.codehaus.mojo:exec-maven-plugin:jar:1.2.1 has not been downloaded from it before.
2021-09-08 14:37:43,253 [Worker-73: Building] WARN  o.e.m.c.i.embedder.EclipseLogger - The POM for om.fasterxml.jackson.core:jackson-core:jar:2.8.9 is missing, no dependency information available
2021-09-08 14:37:43,254 [Worker-73: Building] WARN  o.e.m.c.i.embedder.EclipseLogger - Failed to retrieve plugin descriptor for om.fasterxml.jackson.core:jackson-core:2.8.9: Plugin om.fasterxml.jackson.core:jackson-core:2.8.9 or one of its dependencies could not be resolved: Cannot access central (https://repo.maven.apache.org/maven2) in offline mode and the artifact om.fasterxml.jackson.core:jackson-core:jar:2.8.9 has not been downloaded from it before.
2021-09-08 14:37:43,256 [Worker-73: Building] WARN  o.e.m.c.i.embedder.EclipseLogger - Using platform encoding (MS949 actually) to copy filtered resources, i.e. build is platform dependent!
2021-09-08 14:37:56,289 [Worker-80: Building] INFO  o.e.m.c.i.l.LifecycleMappingFactory - Using org.maven.ide.eclipse.wtp.WarLifecycleMapping lifecycle mapping for MavenProject: kopo:SpringPRJ2.0:0.0.1-SNAPSHOT @ C:\ohjuproject_file\study02\SpringPRJ2.0\pom.xml.
2021-09-08 14:37:56,782 [Worker-80: Building] WARN  o.e.m.c.i.embedder.EclipseLogger - Using platform encoding (MS949 actually) to copy filtered resources, i.e. build is platform dependent!
2021-09-08 14:37:56,783 [Worker-80: Building] INFO  o.e.m.c.i.embedder.EclipseLogger - skip non existing resourceDirectory C:\ohjuproject_file\study02\SpringPRJ2.0\src\main\resources
2021-09-08 14:37:56,785 [Worker-80: Building] WARN  o.e.m.c.i.embedder.EclipseLogger - Using platform encoding (MS949 actually) to copy filtered resources, i.e. build is platform dependent!
2021-09-08 14:37:56,785 [Worker-80: Building] INFO  o.e.m.c.i.embedder.EclipseLogger - skip non existing resourceDirectory C:\ohjuproject_file\study02\SpringPRJ2.0\src\test\resources
2021-09-08 14:37:56,786 [Worker-80: Building] INFO  o.e.m.w.i.f.ResourceFilteringBuildParticipant - Changed resources require a complete clean of filtered resources of SpringPRJ2.0
2021-09-08 14:37:56,786 [Worker-80: Building] INFO  o.e.m.w.i.f.ResourceFilteringBuildParticipant - Executing resource filtering for SpringPRJ2.0
2021-09-08 14:37:56,788 [Worker-80: Building] WARN  o.e.m.c.i.embedder.EclipseLogger - The POM for org.apache.maven.plugins:maven-eclipse-plugin:jar:2.9 is missing, no dependency information available
2021-09-08 14:37:56,789 [Worker-80: Building] WARN  o.e.m.c.i.embedder.EclipseLogger - Failed to retrieve plugin descriptor for org.apache.maven.plugins:maven-eclipse-plugin:2.9: Plugin org.apache.maven.plugins:maven-eclipse-plugin:2.9 or one of its dependencies could not be resolved: Cannot access central (https://repo.maven.apache.org/maven2) in offline mode and the artifact org.apache.maven.plugins:maven-eclipse-plugin:jar:2.9 has not been downloaded from it before.
2021-09-08 14:37:56,789 [Worker-80: Building] WARN  o.e.m.c.i.embedder.EclipseLogger - The POM for org.codehaus.mojo:exec-maven-plugin:jar:1.2.1 is missing, no dependency information available
2021-09-08 14:37:56,790 [Worker-80: Building] WARN  o.e.m.c.i.embedder.EclipseLogger - Failed to retrieve plugin descriptor for org.codehaus.mojo:exec-maven-plugin:1.2.1: Plugin org.codehaus.mojo:exec-maven-plugin:1.2.1 or one of its dependencies could not be resolved: Cannot access central (https://repo.maven.apache.org/maven2) in offline mode and the artifact org.codehaus.mojo:exec-maven-plugin:jar:1.2.1 has not been downloaded from it before.
2021-09-08 14:37:56,791 [Worker-80: Building] WARN  o.e.m.c.i.embedder.EclipseLogger - The POM for om.fasterxml.jackson.core:jackson-core:jar:2.8.9 is missing, no dependency information available
2021-09-08 14:37:56,791 [Worker-80: Building] WARN  o.e.m.c.i.embedder.EclipseLogger - Failed to retrieve plugin descriptor for om.fasterxml.jackson.core:jackson-core:2.8.9: Plugin om.fasterxml.jackson.core:jackson-core:2.8.9 or one of its dependencies could not be resolved: Cannot access central (https://repo.maven.apache.org/maven2) in offline mode and the artifact om.fasterxml.jackson.core:jackson-core:jar:2.8.9 has not been downloaded from it before.
2021-09-08 14:37:56,792 [Worker-80: Building] WARN  o.e.m.c.i.embedder.EclipseLogger - The POM for org.apache.maven.plugins:maven-eclipse-plugin:jar:2.9 is missing, no dependency information available
2021-09-08 14:37:56,792 [Worker-80: Building] WARN  o.e.m.c.i.embedder.EclipseLogger - Failed to retrieve plugin descriptor for org.apache.maven.plugins:maven-eclipse-plugin:2.9: Plugin org.apache.maven.plugins:maven-eclipse-plugin:2.9 or one of its dependencies could not be resolved: Cannot access central (https://repo.maven.apache.org/maven2) in offline mode and the artifact org.apache.maven.plugins:maven-eclipse-plugin:jar:2.9 has not been downloaded from it before.
2021-09-08 14:37:56,793 [Worker-80: Building] WARN  o.e.m.c.i.embedder.EclipseLogger - The POM for org.codehaus.mojo:exec-maven-plugin:jar:1.2.1 is missing, no dependency information available
2021-09-08 14:37:56,794 [Worker-80: Building] WARN  o.e.m.c.i.embedder.EclipseLogger - Failed to retrieve plugin descriptor for org.codehaus.mojo:exec-maven-plugin:1.2.1: Plugin org.codehaus.mojo:exec-maven-plugin:1.2.1 or one of its dependencies could not be resolved: Cannot access central (https://repo.maven.apache.org/maven2) in offline mode and the artifact org.codehaus.mojo:exec-maven-plugin:jar:1.2.1 has not been downloaded from it before.
2021-09-08 14:37:56,795 [Worker-80: Building] WARN  o.e.m.c.i.embedder.EclipseLogger - The POM for om.fasterxml.jackson.core:jackson-core:jar:2.8.9 is missing, no dependency information available
2021-09-08 14:37:56,796 [Worker-80: Building] WARN  o.e.m.c.i.embedder.EclipseLogger - Failed to retrieve plugin descriptor for om.fasterxml.jackson.core:jackson-core:2.8.9: Plugin om.fasterxml.jackson.core:jackson-core:2.8.9 or one of its dependencies could not be resolved: Cannot access central (https://repo.maven.apache.org/maven2) in offline mode and the artifact om.fasterxml.jackson.core:jackson-core:jar:2.8.9 has not been downloaded from it before.
2021-09-08 14:37:56,798 [Worker-80: Building] WARN  o.e.m.c.i.embedder.EclipseLogger - Using platform encoding (MS949 actually) to copy filtered resources, i.e. build is platform dependent!
2021-09-08 15:19:31,935 [Worker-92: Building] WARN  o.e.m.c.i.embedder.EclipseLogger - Using platform encoding (MS949 actually) to copy filtered resources, i.e. build is platform dependent!
2021-09-08 15:19:31,936 [Worker-92: Building] INFO  o.e.m.c.i.embedder.EclipseLogger - skip non existing resourceDirectory C:\ohjuproject_file\study02\SpringPRJ2.0\src\main\resources
2021-09-08 15:19:31,937 [Worker-92: Building] WARN  o.e.m.c.i.embedder.EclipseLogger - Using platform encoding (MS949 actually) to copy filtered resources, i.e. build is platform dependent!
2021-09-08 15:19:31,938 [Worker-92: Building] INFO  o.e.m.c.i.embedder.EclipseLogger - skip non existing resourceDirectory C:\ohjuproject_file\study02\SpringPRJ2.0\src\test\resources
2021-09-08 15:20:40,095 [Worker-92: Building] WARN  o.e.m.c.i.embedder.EclipseLogger - Using platform encoding (MS949 actually) to copy filtered resources, i.e. build is platform dependent!
2021-09-08 15:20:40,095 [Worker-92: Building] INFO  o.e.m.c.i.embedder.EclipseLogger - skip non existing resourceDirectory C:\ohjuproject_file\study02\SpringPRJ2.0\src\main\resources
2021-09-08 15:20:40,097 [Worker-92: Building] WARN  o.e.m.c.i.embedder.EclipseLogger - Using platform encoding (MS949 actually) to copy filtered resources, i.e. build is platform dependent!
2021-09-08 15:20:40,097 [Worker-92: Building] INFO  o.e.m.c.i.embedder.EclipseLogger - skip non existing resourceDirectory C:\ohjuproject_file\study02\SpringPRJ2.0\src\test\resources
2021-09-08 15:21:04,524 [Worker-100: Building] INFO  o.e.m.c.i.l.LifecycleMappingFactory - Using org.maven.ide.eclipse.wtp.WarLifecycleMapping lifecycle mapping for MavenProject: kopo:SpringPRJ2.0:0.0.1-SNAPSHOT @ C:\ohjuproject_file\study02\SpringPRJ2.0\pom.xml.
2021-09-08 15:21:05,094 [Worker-100: Building] WARN  o.e.m.c.i.embedder.EclipseLogger - Using platform encoding (MS949 actually) to copy filtered resources, i.e. build is platform dependent!
2021-09-08 15:21:05,099 [Worker-100: Building] INFO  o.e.m.c.i.embedder.EclipseLogger - skip non existing resourceDirectory C:\ohjuproject_file\study02\SpringPRJ2.0\src\main\resources
2021-09-08 15:21:05,101 [Worker-100: Building] WARN  o.e.m.c.i.embedder.EclipseLogger - Using platform encoding (MS949 actually) to copy filtered resources, i.e. build is platform dependent!
2021-09-08 15:21:05,102 [Worker-100: Building] INFO  o.e.m.c.i.embedder.EclipseLogger - skip non existing resourceDirectory C:\ohjuproject_file\study02\SpringPRJ2.0\src\test\resources
2021-09-08 15:21:05,103 [Worker-100: Building] INFO  o.e.m.w.i.f.ResourceFilteringBuildParticipant - Changed resources require a complete clean of filtered resources of SpringPRJ2.0
2021-09-08 15:21:05,103 [Worker-100: Building] INFO  o.e.m.w.i.f.ResourceFilteringBuildParticipant - Executing resource filtering for SpringPRJ2.0
2021-09-08 15:21:05,105 [Worker-100: Building] WARN  o.e.m.c.i.embedder.EclipseLogger - The POM for org.apache.maven.plugins:maven-eclipse-plugin:jar:2.9 is missing, no dependency information available
2021-09-08 15:21:05,107 [Worker-100: Building] WARN  o.e.m.c.i.embedder.EclipseLogger - Failed to retrieve plugin descriptor for org.apache.maven.plugins:maven-eclipse-plugin:2.9: Plugin org.apache.maven.plugins:maven-eclipse-plugin:2.9 or one of its dependencies could not be resolved: Cannot access central (https://repo.maven.apache.org/maven2) in offline mode and the artifact org.apache.maven.plugins:maven-eclipse-plugin:jar:2.9 has not been downloaded from it before.
2021-09-08 15:21:05,108 [Worker-100: Building] WARN  o.e.m.c.i.embedder.EclipseLogger - The POM for org.codehaus.mojo:exec-maven-plugin:jar:1.2.1 is missing, no dependency information available
2021-09-08 15:21:05,109 [Worker-100: Building] WARN  o.e.m.c.i.embedder.EclipseLogger - Failed to retrieve plugin descriptor for org.codehaus.mojo:exec-maven-plugin:1.2.1: Plugin org.codehaus.mojo:exec-maven-plugin:1.2.1 or one of its dependencies could not be resolved: Cannot access central (https://repo.maven.apache.org/maven2) in offline mode and the artifact org.codehaus.mojo:exec-maven-plugin:jar:1.2.1 has not been downloaded from it before.
2021-09-08 15:21:05,110 [Worker-100: Building] WARN  o.e.m.c.i.embedder.EclipseLogger - The POM for om.fasterxml.jackson.core:jackson-core:jar:2.8.9 is missing, no dependency information available
2021-09-08 15:21:05,111 [Worker-100: Building] WARN  o.e.m.c.i.embedder.EclipseLogger - Failed to retrieve plugin descriptor for om.fasterxml.jackson.core:jackson-core:2.8.9: Plugin om.fasterxml.jackson.core:jackson-core:2.8.9 or one of its dependencies could not be resolved: Cannot access central (https://repo.maven.apache.org/maven2) in offline mode and the artifact om.fasterxml.jackson.core:jackson-core:jar:2.8.9 has not been downloaded from it before.
2021-09-08 15:21:05,112 [Worker-100: Building] WARN  o.e.m.c.i.embedder.EclipseLogger - The POM for org.apache.maven.plugins:maven-eclipse-plugin:jar:2.9 is missing, no dependency information available
2021-09-08 15:21:05,113 [Worker-100: Building] WARN  o.e.m.c.i.embedder.EclipseLogger - Failed to retrieve plugin descriptor for org.apache.maven.plugins:maven-eclipse-plugin:2.9: Plugin org.apache.maven.plugins:maven-eclipse-plugin:2.9 or one of its dependencies could not be resolved: Cannot access central (https://repo.maven.apache.org/maven2) in offline mode and the artifact org.apache.maven.plugins:maven-eclipse-plugin:jar:2.9 has not been downloaded from it before.
2021-09-08 15:21:05,114 [Worker-100: Building] WARN  o.e.m.c.i.embedder.EclipseLogger - The POM for org.codehaus.mojo:exec-maven-plugin:jar:1.2.1 is missing, no dependency information available
2021-09-08 15:21:05,115 [Worker-100: Building] WARN  o.e.m.c.i.embedder.EclipseLogger - Failed to retrieve plugin descriptor for org.codehaus.mojo:exec-maven-plugin:1.2.1: Plugin org.codehaus.mojo:exec-maven-plugin:1.2.1 or one of its dependencies could not be resolved: Cannot access central (https://repo.maven.apache.org/maven2) in offline mode and the artifact org.codehaus.mojo:exec-maven-plugin:jar:1.2.1 has not been downloaded from it before.
2021-09-08 15:21:05,115 [Worker-100: Building] WARN  o.e.m.c.i.embedder.EclipseLogger - The POM for om.fasterxml.jackson.core:jackson-core:jar:2.8.9 is missing, no dependency information available
2021-09-08 15:21:05,116 [Worker-100: Building] WARN  o.e.m.c.i.embedder.EclipseLogger - Failed to retrieve plugin descriptor for om.fasterxml.jackson.core:jackson-core:2.8.9: Plugin om.fasterxml.jackson.core:jackson-core:2.8.9 or one of its dependencies could not be resolved: Cannot access central (https://repo.maven.apache.org/maven2) in offline mode and the artifact om.fasterxml.jackson.core:jackson-core:jar:2.8.9 has not been downloaded from it before.
2021-09-08 15:21:05,119 [Worker-100: Building] WARN  o.e.m.c.i.embedder.EclipseLogger - Using platform encoding (MS949 actually) to copy filtered resources, i.e. build is platform dependent!
2021-09-08 15:21:32,477 [Worker-100: Building] WARN  o.e.m.c.i.embedder.EclipseLogger - Using platform encoding (MS949 actually) to copy filtered resources, i.e. build is platform dependent!
2021-09-08 15:21:32,477 [Worker-100: Building] INFO  o.e.m.c.i.embedder.EclipseLogger - skip non existing resourceDirectory C:\ohjuproject_file\study02\SpringPRJ2.0\src\main\resources
2021-09-08 15:21:32,478 [Worker-100: Building] WARN  o.e.m.c.i.embedder.EclipseLogger - Using platform encoding (MS949 actually) to copy filtered resources, i.e. build is platform dependent!
2021-09-08 15:21:32,479 [Worker-100: Building] INFO  o.e.m.c.i.embedder.EclipseLogger - skip non existing resourceDirectory C:\ohjuproject_file\study02\SpringPRJ2.0\src\test\resources
2021-09-08 15:22:04,389 [Worker-92: Building] WARN  o.e.m.c.i.embedder.EclipseLogger - Using platform encoding (MS949 actually) to copy filtered resources, i.e. build is platform dependent!
2021-09-08 15:22:04,390 [Worker-92: Building] INFO  o.e.m.c.i.embedder.EclipseLogger - skip non existing resourceDirectory C:\ohjuproject_file\study02\SpringPRJ2.0\src\main\resources
2021-09-08 15:22:04,391 [Worker-92: Building] WARN  o.e.m.c.i.embedder.EclipseLogger - Using platform encoding (MS949 actually) to copy filtered resources, i.e. build is platform dependent!
2021-09-08 15:22:04,392 [Worker-92: Building] INFO  o.e.m.c.i.embedder.EclipseLogger - skip non existing resourceDirectory C:\ohjuproject_file\study02\SpringPRJ2.0\src\test\resources
2021-09-08 15:22:51,741 [Worker-104: Building] WARN  o.e.m.c.i.embedder.EclipseLogger - Using platform encoding (MS949 actually) to copy filtered resources, i.e. build is platform dependent!
2021-09-08 15:22:51,741 [Worker-104: Building] INFO  o.e.m.c.i.embedder.EclipseLogger - skip non existing resourceDirectory C:\ohjuproject_file\study02\SpringPRJ2.0\src\main\resources
2021-09-08 15:22:51,742 [Worker-104: Building] WARN  o.e.m.c.i.embedder.EclipseLogger - Using platform encoding (MS949 actually) to copy filtered resources, i.e. build is platform dependent!
2021-09-08 15:22:51,743 [Worker-104: Building] INFO  o.e.m.c.i.embedder.EclipseLogger - skip non existing resourceDirectory C:\ohjuproject_file\study02\SpringPRJ2.0\src\test\resources
2021-09-08 15:23:59,649 [Worker-92: Building] WARN  o.e.m.c.i.embedder.EclipseLogger - Using platform encoding (MS949 actually) to copy filtered resources, i.e. build is platform dependent!
2021-09-08 15:23:59,650 [Worker-92: Building] INFO  o.e.m.c.i.embedder.EclipseLogger - skip non existing resourceDirectory C:\ohjuproject_file\study02\SpringPRJ2.0\src\main\resources
2021-09-08 15:23:59,651 [Worker-92: Building] WARN  o.e.m.c.i.embedder.EclipseLogger - Using platform encoding (MS949 actually) to copy filtered resources, i.e. build is platform dependent!
2021-09-08 15:23:59,652 [Worker-92: Building] INFO  o.e.m.c.i.embedder.EclipseLogger - skip non existing resourceDirectory C:\ohjuproject_file\study02\SpringPRJ2.0\src\test\resources
2021-09-08 15:48:46,671 [Worker-112: Building] WARN  o.e.m.c.i.embedder.EclipseLogger - Using platform encoding (MS949 actually) to copy filtered resources, i.e. build is platform dependent!
2021-09-08 15:48:46,672 [Worker-112: Building] INFO  o.e.m.c.i.embedder.EclipseLogger - skip non existing resourceDirectory C:\ohjuproject_file\study02\SpringPRJ2.0\src\main\resources
2021-09-08 15:48:46,673 [Worker-112: Building] WARN  o.e.m.c.i.embedder.EclipseLogger - Using platform encoding (MS949 actually) to copy filtered resources, i.e. build is platform dependent!
2021-09-08 15:48:46,673 [Worker-112: Building] INFO  o.e.m.c.i.embedder.EclipseLogger - skip non existing resourceDirectory C:\ohjuproject_file\study02\SpringPRJ2.0\src\test\resources
2021-09-08 15:49:07,436 [Worker-109: Building] WARN  o.e.m.c.i.embedder.EclipseLogger - Using platform encoding (MS949 actually) to copy filtered resources, i.e. build is platform dependent!
2021-09-08 15:49:07,437 [Worker-109: Building] INFO  o.e.m.c.i.embedder.EclipseLogger - skip non existing resourceDirectory C:\ohjuproject_file\study02\SpringPRJ2.0\src\main\resources
2021-09-08 15:49:07,438 [Worker-109: Building] WARN  o.e.m.c.i.embedder.EclipseLogger - Using platform encoding (MS949 actually) to copy filtered resources, i.e. build is platform dependent!
2021-09-08 15:49:07,439 [Worker-109: Building] INFO  o.e.m.c.i.embedder.EclipseLogger - skip non existing resourceDirectory C:\ohjuproject_file\study02\SpringPRJ2.0\src\test\resources
2021-09-08 15:49:28,413 [Worker-108: Building] WARN  o.e.m.c.i.embedder.EclipseLogger - Using platform encoding (MS949 actually) to copy filtered resources, i.e. build is platform dependent!
2021-09-08 15:49:28,414 [Worker-108: Building] INFO  o.e.m.c.i.embedder.EclipseLogger - skip non existing resourceDirectory C:\ohjuproject_file\study02\SpringPRJ2.0\src\main\resources
2021-09-08 15:49:28,415 [Worker-108: Building] WARN  o.e.m.c.i.embedder.EclipseLogger - Using platform encoding (MS949 actually) to copy filtered resources, i.e. build is platform dependent!
2021-09-08 15:49:28,415 [Worker-108: Building] INFO  o.e.m.c.i.embedder.EclipseLogger - skip non existing resourceDirectory C:\ohjuproject_file\study02\SpringPRJ2.0\src\test\resources
2021-09-08 15:56:04,980 [Worker-107: Building] WARN  o.e.m.c.i.embedder.EclipseLogger - Using platform encoding (MS949 actually) to copy filtered resources, i.e. build is platform dependent!
2021-09-08 15:56:04,981 [Worker-107: Building] INFO  o.e.m.c.i.embedder.EclipseLogger - skip non existing resourceDirectory C:\ohjuproject_file\study02\SpringPRJ2.0\src\main\resources
2021-09-08 15:56:04,982 [Worker-107: Building] WARN  o.e.m.c.i.embedder.EclipseLogger - Using platform encoding (MS949 actually) to copy filtered resources, i.e. build is platform dependent!
2021-09-08 15:56:04,983 [Worker-107: Building] INFO  o.e.m.c.i.embedder.EclipseLogger - skip non existing resourceDirectory C:\ohjuproject_file\study02\SpringPRJ2.0\src\test\resources
2021-09-08 15:59:44,244 [Worker-107: Building] WARN  o.e.m.c.i.embedder.EclipseLogger - Using platform encoding (MS949 actually) to copy filtered resources, i.e. build is platform dependent!
2021-09-08 15:59:44,245 [Worker-107: Building] INFO  o.e.m.c.i.embedder.EclipseLogger - skip non existing resourceDirectory C:\ohjuproject_file\study02\SpringPRJ2.0\src\main\resources
2021-09-08 15:59:44,246 [Worker-107: Building] WARN  o.e.m.c.i.embedder.EclipseLogger - Using platform encoding (MS949 actually) to copy filtered resources, i.e. build is platform dependent!
2021-09-08 15:59:44,246 [Worker-107: Building] INFO  o.e.m.c.i.embedder.EclipseLogger - skip non existing resourceDirectory C:\ohjuproject_file\study02\SpringPRJ2.0\src\test\resources
2021-09-08 15:59:49,033 [Worker-112: Building] WARN  o.e.m.c.i.embedder.EclipseLogger - Using platform encoding (MS949 actually) to copy filtered resources, i.e. build is platform dependent!
2021-09-08 15:59:49,034 [Worker-112: Building] INFO  o.e.m.c.i.embedder.EclipseLogger - skip non existing resourceDirectory C:\ohjuproject_file\study02\SpringPRJ2.0\src\main\resources
2021-09-08 15:59:49,035 [Worker-112: Building] WARN  o.e.m.c.i.embedder.EclipseLogger - Using platform encoding (MS949 actually) to copy filtered resources, i.e. build is platform dependent!
2021-09-08 15:59:49,036 [Worker-112: Building] INFO  o.e.m.c.i.embedder.EclipseLogger - skip non existing resourceDirectory C:\ohjuproject_file\study02\SpringPRJ2.0\src\test\resources
2021-09-08 16:00:15,303 [Worker-107: Building] WARN  o.e.m.c.i.embedder.EclipseLogger - Using platform encoding (MS949 actually) to copy filtered resources, i.e. build is platform dependent!
2021-09-08 16:00:15,304 [Worker-107: Building] INFO  o.e.m.c.i.embedder.EclipseLogger - skip non existing resourceDirectory C:\ohjuproject_file\study02\SpringPRJ2.0\src\main\resources
2021-09-08 16:00:15,304 [Worker-107: Building] WARN  o.e.m.c.i.embedder.EclipseLogger - Using platform encoding (MS949 actually) to copy filtered resources, i.e. build is platform dependent!
2021-09-08 16:00:15,305 [Worker-107: Building] INFO  o.e.m.c.i.embedder.EclipseLogger - skip non existing resourceDirectory C:\ohjuproject_file\study02\SpringPRJ2.0\src\test\resources
2021-09-08 16:00:32,594 [Worker-107: Building] WARN  o.e.m.c.i.embedder.EclipseLogger - Using platform encoding (MS949 actually) to copy filtered resources, i.e. build is platform dependent!
2021-09-08 16:00:32,595 [Worker-107: Building] INFO  o.e.m.c.i.embedder.EclipseLogger - skip non existing resourceDirectory C:\ohjuproject_file\study02\SpringPRJ2.0\src\main\resources
2021-09-08 16:00:32,596 [Worker-107: Building] WARN  o.e.m.c.i.embedder.EclipseLogger - Using platform encoding (MS949 actually) to copy filtered resources, i.e. build is platform dependent!
2021-09-08 16:00:32,596 [Worker-107: Building] INFO  o.e.m.c.i.embedder.EclipseLogger - skip non existing resourceDirectory C:\ohjuproject_file\study02\SpringPRJ2.0\src\test\resources
2021-09-08 16:03:19,067 [Worker-109: Building] WARN  o.e.m.c.i.embedder.EclipseLogger - Using platform encoding (MS949 actually) to copy filtered resources, i.e. build is platform dependent!
2021-09-08 16:03:19,068 [Worker-109: Building] INFO  o.e.m.c.i.embedder.EclipseLogger - skip non existing resourceDirectory C:\ohjuproject_file\study02\SpringPRJ2.0\src\main\resources
2021-09-08 16:03:19,069 [Worker-109: Building] WARN  o.e.m.c.i.embedder.EclipseLogger - Using platform encoding (MS949 actually) to copy filtered resources, i.e. build is platform dependent!
2021-09-08 16:03:19,070 [Worker-109: Building] INFO  o.e.m.c.i.embedder.EclipseLogger - skip non existing resourceDirectory C:\ohjuproject_file\study02\SpringPRJ2.0\src\test\resources
2021-09-08 16:05:32,500 [Worker-107: Building] WARN  o.e.m.c.i.embedder.EclipseLogger - Using platform encoding (MS949 actually) to copy filtered resources, i.e. build is platform dependent!
2021-09-08 16:05:32,501 [Worker-107: Building] INFO  o.e.m.c.i.embedder.EclipseLogger - skip non existing resourceDirectory C:\ohjuproject_file\study02\SpringPRJ2.0\src\main\resources
2021-09-08 16:05:32,502 [Worker-107: Building] WARN  o.e.m.c.i.embedder.EclipseLogger - Using platform encoding (MS949 actually) to copy filtered resources, i.e. build is platform dependent!
2021-09-08 16:05:32,503 [Worker-107: Building] INFO  o.e.m.c.i.embedder.EclipseLogger - skip non existing resourceDirectory C:\ohjuproject_file\study02\SpringPRJ2.0\src\test\resources
2021-09-08 16:07:15,685 [Worker-112: Building] WARN  o.e.m.c.i.embedder.EclipseLogger - Using platform encoding (MS949 actually) to copy filtered resources, i.e. build is platform dependent!
2021-09-08 16:07:15,686 [Worker-112: Building] INFO  o.e.m.c.i.embedder.EclipseLogger - skip non existing resourceDirectory C:\ohjuproject_file\study02\SpringPRJ2.0\src\main\resources
2021-09-08 16:07:15,687 [Worker-112: Building] WARN  o.e.m.c.i.embedder.EclipseLogger - Using platform encoding (MS949 actually) to copy filtered resources, i.e. build is platform dependent!
2021-09-08 16:07:15,687 [Worker-112: Building] INFO  o.e.m.c.i.embedder.EclipseLogger - skip non existing resourceDirectory C:\ohjuproject_file\study02\SpringPRJ2.0\src\test\resources
2021-09-08 18:43:41,757 [Worker-3: Loading available Gradle versions] INFO  o.e.b.c.i.u.g.PublishedGradleVersions - Gradle version information cache is up-to-date. Trying to read.
2021-09-08 18:51:17,427 [Worker-23: Building] WARN  o.e.m.c.i.embedder.EclipseLogger - Using platform encoding (MS949 actually) to copy filtered resources, i.e. build is platform dependent!
2021-09-08 18:51:17,429 [Worker-23: Building] INFO  o.e.m.c.i.embedder.EclipseLogger - skip non existing resourceDirectory C:\ohjuproject_file\study02\SpringPRJ2.0\src\main\resources
2021-09-08 18:51:17,432 [Worker-23: Building] WARN  o.e.m.c.i.embedder.EclipseLogger - Using platform encoding (MS949 actually) to copy filtered resources, i.e. build is platform dependent!
2021-09-08 18:51:17,432 [Worker-23: Building] INFO  o.e.m.c.i.embedder.EclipseLogger - skip non existing resourceDirectory C:\ohjuproject_file\study02\SpringPRJ2.0\src\test\resources
2021-09-08 18:57:56,376 [Worker-20: Building] WARN  o.e.m.c.i.embedder.EclipseLogger - Using platform encoding (MS949 actually) to copy filtered resources, i.e. build is platform dependent!
2021-09-08 18:57:56,378 [Worker-20: Building] INFO  o.e.m.c.i.embedder.EclipseLogger - skip non existing resourceDirectory C:\ohjuproject_file\study02\SpringPRJ2.0\src\main\resources
2021-09-08 18:57:56,379 [Worker-20: Building] WARN  o.e.m.c.i.embedder.EclipseLogger - Using platform encoding (MS949 actually) to copy filtered resources, i.e. build is platform dependent!
2021-09-08 18:57:56,380 [Worker-20: Building] INFO  o.e.m.c.i.embedder.EclipseLogger - skip non existing resourceDirectory C:\ohjuproject_file\study02\SpringPRJ2.0\src\test\resources
2021-09-09 00:00:01,262 [Worker-1: Loading available Gradle versions] INFO  o.e.b.c.i.u.g.PublishedGradleVersions - Gradle version information cache is up-to-date. Trying to read.
2021-09-09 19:46:32,950 [Worker-1: Loading available Gradle versions] INFO  o.e.b.c.i.u.g.PublishedGradleVersions - Gradle version information cache is out-of-date. Trying to update.
2021-09-09 20:01:17,366 [Worker-3: Loading available Gradle versions] INFO  o.e.b.c.i.u.g.PublishedGradleVersions - Gradle version information cache is up-to-date. Trying to read.
2021-09-09 20:02:17,507 [Worker-18: Building] WARN  o.e.m.c.i.embedder.EclipseLogger - Using platform encoding (MS949 actually) to copy filtered resources, i.e. build is platform dependent!
2021-09-09 20:02:17,508 [Worker-18: Building] INFO  o.e.m.c.i.embedder.EclipseLogger - skip non existing resourceDirectory C:\ohjuproject_file\study02\SpringPRJ2.0\src\main\resources
2021-09-09 20:02:17,510 [Worker-18: Building] WARN  o.e.m.c.i.embedder.EclipseLogger - Using platform encoding (MS949 actually) to copy filtered resources, i.e. build is platform dependent!
2021-09-09 20:02:17,511 [Worker-18: Building] INFO  o.e.m.c.i.embedder.EclipseLogger - skip non existing resourceDirectory C:\ohjuproject_file\study02\SpringPRJ2.0\src\test\resources
2021-09-09 20:32:18,149 [Worker-3: Loading available Gradle versions] INFO  o.e.b.c.i.u.g.PublishedGradleVersions - Gradle version information cache is up-to-date. Trying to read.
2021-09-09 20:33:52,760 [Worker-1: Building] WARN  o.e.m.c.i.embedder.EclipseLogger - Using platform encoding (MS949 actually) to copy filtered resources, i.e. build is platform dependent!
2021-09-09 20:33:52,761 [Worker-1: Building] INFO  o.e.m.c.i.embedder.EclipseLogger - skip non existing resourceDirectory C:\ohjuproject_file\study02\SpringPRJ2.0\src\main\resources
2021-09-09 20:33:52,763 [Worker-1: Building] WARN  o.e.m.c.i.embedder.EclipseLogger - Using platform encoding (MS949 actually) to copy filtered resources, i.e. build is platform dependent!
2021-09-09 20:33:52,763 [Worker-1: Building] INFO  o.e.m.c.i.embedder.EclipseLogger - skip non existing resourceDirectory C:\ohjuproject_file\study02\SpringPRJ2.0\src\test\resources
2021-09-10 19:37:23,600 [Worker-4: Loading available Gradle versions] INFO  o.e.b.c.i.u.g.PublishedGradleVersions - Gradle version information cache is up-to-date. Trying to read.
2021-09-10 19:37:26,253 [Worker-2: Building] WARN  o.e.m.c.i.embedder.EclipseLogger - Using platform encoding (MS949 actually) to copy filtered resources, i.e. build is platform dependent!
2021-09-10 19:37:26,254 [Worker-2: Building] INFO  o.e.m.c.i.embedder.EclipseLogger - skip non existing resourceDirectory C:\ohjuproject_file\study02\SpringPRJ2.0\src\main\resources
2021-09-10 19:37:26,256 [Worker-2: Building] WARN  o.e.m.c.i.embedder.EclipseLogger - Using platform encoding (MS949 actually) to copy filtered resources, i.e. build is platform dependent!
2021-09-10 19:37:26,257 [Worker-2: Building] INFO  o.e.m.c.i.embedder.EclipseLogger - skip non existing resourceDirectory C:\ohjuproject_file\study02\SpringPRJ2.0\src\test\resources
2021-09-10 19:38:34,198 [Worker-3: Building] WARN  o.e.m.c.i.embedder.EclipseLogger - Using platform encoding (MS949 actually) to copy filtered resources, i.e. build is platform dependent!
2021-09-10 19:38:34,200 [Worker-3: Building] INFO  o.e.m.c.i.embedder.EclipseLogger - skip non existing resourceDirectory C:\ohjuproject_file\study02\SpringPRJ2.0\src\main\resources
2021-09-10 19:38:34,201 [Worker-3: Building] WARN  o.e.m.c.i.embedder.EclipseLogger - Using platform encoding (MS949 actually) to copy filtered resources, i.e. build is platform dependent!
2021-09-10 19:38:34,202 [Worker-3: Building] INFO  o.e.m.c.i.embedder.EclipseLogger - skip non existing resourceDirectory C:\ohjuproject_file\study02\SpringPRJ2.0\src\test\resources
2021-09-10 19:39:02,991 [Worker-17: Building] WARN  o.e.m.c.i.embedder.EclipseLogger - Using platform encoding (MS949 actually) to copy filtered resources, i.e. build is platform dependent!
2021-09-10 19:39:02,992 [Worker-17: Building] INFO  o.e.m.c.i.embedder.EclipseLogger - skip non existing resourceDirectory C:\ohjuproject_file\study02\SpringPRJ2.0\src\main\resources
2021-09-10 19:39:02,994 [Worker-17: Building] WARN  o.e.m.c.i.embedder.EclipseLogger - Using platform encoding (MS949 actually) to copy filtered resources, i.e. build is platform dependent!
2021-09-10 19:39:02,995 [Worker-17: Building] INFO  o.e.m.c.i.embedder.EclipseLogger - skip non existing resourceDirectory C:\ohjuproject_file\study02\SpringPRJ2.0\src\test\resources
2021-09-10 19:47:18,295 [Worker-18: Building] WARN  o.e.m.c.i.embedder.EclipseLogger - Using platform encoding (MS949 actually) to copy filtered resources, i.e. build is platform dependent!
2021-09-10 19:47:18,296 [Worker-18: Building] INFO  o.e.m.c.i.embedder.EclipseLogger - skip non existing resourceDirectory C:\ohjuproject_file\study02\SpringPRJ2.0\src\main\resources
2021-09-10 19:47:18,297 [Worker-18: Building] WARN  o.e.m.c.i.embedder.EclipseLogger - Using platform encoding (MS949 actually) to copy filtered resources, i.e. build is platform dependent!
2021-09-10 19:47:18,298 [Worker-18: Building] INFO  o.e.m.c.i.embedder.EclipseLogger - skip non existing resourceDirectory C:\ohjuproject_file\study02\SpringPRJ2.0\src\test\resources
2021-09-10 19:47:57,810 [Worker-5: Building] WARN  o.e.m.c.i.embedder.EclipseLogger - Using platform encoding (MS949 actually) to copy filtered resources, i.e. build is platform dependent!
2021-09-10 19:47:57,810 [Worker-5: Building] INFO  o.e.m.c.i.embedder.EclipseLogger - skip non existing resourceDirectory C:\ohjuproject_file\study02\SpringPRJ2.0\src\main\resources
2021-09-10 19:47:57,812 [Worker-5: Building] WARN  o.e.m.c.i.embedder.EclipseLogger - Using platform encoding (MS949 actually) to copy filtered resources, i.e. build is platform dependent!
2021-09-10 19:47:57,813 [Worker-5: Building] INFO  o.e.m.c.i.embedder.EclipseLogger - skip non existing resourceDirectory C:\ohjuproject_file\study02\SpringPRJ2.0\src\test\resources
2021-09-10 19:48:14,640 [Worker-24: Building] WARN  o.e.m.c.i.embedder.EclipseLogger - Using platform encoding (MS949 actually) to copy filtered resources, i.e. build is platform dependent!
2021-09-10 19:48:14,640 [Worker-24: Building] INFO  o.e.m.c.i.embedder.EclipseLogger - skip non existing resourceDirectory C:\ohjuproject_file\study02\SpringPRJ2.0\src\main\resources
2021-09-10 19:48:14,642 [Worker-24: Building] WARN  o.e.m.c.i.embedder.EclipseLogger - Using platform encoding (MS949 actually) to copy filtered resources, i.e. build is platform dependent!
2021-09-10 19:48:14,643 [Worker-24: Building] INFO  o.e.m.c.i.embedder.EclipseLogger - skip non existing resourceDirectory C:\ohjuproject_file\study02\SpringPRJ2.0\src\test\resources
2021-09-10 19:53:50,132 [Worker-26: Building] WARN  o.e.m.c.i.embedder.EclipseLogger - Using platform encoding (MS949 actually) to copy filtered resources, i.e. build is platform dependent!
2021-09-10 19:53:50,133 [Worker-26: Building] INFO  o.e.m.c.i.embedder.EclipseLogger - skip non existing resourceDirectory C:\ohjuproject_file\study02\SpringPRJ2.0\src\main\resources
2021-09-10 19:53:50,134 [Worker-26: Building] WARN  o.e.m.c.i.embedder.EclipseLogger - Using platform encoding (MS949 actually) to copy filtered resources, i.e. build is platform dependent!
2021-09-10 19:53:50,135 [Worker-26: Building] INFO  o.e.m.c.i.embedder.EclipseLogger - skip non existing resourceDirectory C:\ohjuproject_file\study02\SpringPRJ2.0\src\test\resources
2021-09-10 19:54:50,165 [Worker-5: Building] WARN  o.e.m.c.i.embedder.EclipseLogger - Using platform encoding (MS949 actually) to copy filtered resources, i.e. build is platform dependent!
2021-09-10 19:54:50,166 [Worker-5: Building] INFO  o.e.m.c.i.embedder.EclipseLogger - skip non existing resourceDirectory C:\ohjuproject_file\study02\SpringPRJ2.0\src\main\resources
2021-09-10 19:54:50,167 [Worker-5: Building] WARN  o.e.m.c.i.embedder.EclipseLogger - Using platform encoding (MS949 actually) to copy filtered resources, i.e. build is platform dependent!
2021-09-10 19:54:50,168 [Worker-5: Building] INFO  o.e.m.c.i.embedder.EclipseLogger - skip non existing resourceDirectory C:\ohjuproject_file\study02\SpringPRJ2.0\src\test\resources
2021-09-10 20:01:08,530 [Worker-32: Building] WARN  o.e.m.c.i.embedder.EclipseLogger - Using platform encoding (MS949 actually) to copy filtered resources, i.e. build is platform dependent!
2021-09-10 20:01:08,531 [Worker-32: Building] INFO  o.e.m.c.i.embedder.EclipseLogger - skip non existing resourceDirectory C:\ohjuproject_file\study02\SpringPRJ2.0\src\main\resources
2021-09-10 20:01:08,532 [Worker-32: Building] WARN  o.e.m.c.i.embedder.EclipseLogger - Using platform encoding (MS949 actually) to copy filtered resources, i.e. build is platform dependent!
2021-09-10 20:01:08,532 [Worker-32: Building] INFO  o.e.m.c.i.embedder.EclipseLogger - skip non existing resourceDirectory C:\ohjuproject_file\study02\SpringPRJ2.0\src\test\resources
2021-09-10 20:01:15,897 [Worker-35: Building] WARN  o.e.m.c.i.embedder.EclipseLogger - Using platform encoding (MS949 actually) to copy filtered resources, i.e. build is platform dependent!
2021-09-10 20:01:15,898 [Worker-35: Building] INFO  o.e.m.c.i.embedder.EclipseLogger - skip non existing resourceDirectory C:\ohjuproject_file\study02\SpringPRJ2.0\src\main\resources
2021-09-10 20:01:15,899 [Worker-35: Building] WARN  o.e.m.c.i.embedder.EclipseLogger - Using platform encoding (MS949 actually) to copy filtered resources, i.e. build is platform dependent!
2021-09-10 20:01:15,899 [Worker-35: Building] INFO  o.e.m.c.i.embedder.EclipseLogger - skip non existing resourceDirectory C:\ohjuproject_file\study02\SpringPRJ2.0\src\test\resources
2021-09-10 20:01:47,172 [Worker-31: Building] WARN  o.e.m.c.i.embedder.EclipseLogger - Using platform encoding (MS949 actually) to copy filtered resources, i.e. build is platform dependent!
2021-09-10 20:01:47,173 [Worker-31: Building] INFO  o.e.m.c.i.embedder.EclipseLogger - skip non existing resourceDirectory C:\ohjuproject_file\study02\SpringPRJ2.0\src\main\resources
2021-09-10 20:01:47,174 [Worker-31: Building] WARN  o.e.m.c.i.embedder.EclipseLogger - Using platform encoding (MS949 actually) to copy filtered resources, i.e. build is platform dependent!
2021-09-10 20:01:47,175 [Worker-31: Building] INFO  o.e.m.c.i.embedder.EclipseLogger - skip non existing resourceDirectory C:\ohjuproject_file\study02\SpringPRJ2.0\src\test\resources
2021-09-10 20:04:07,405 [Worker-37: Building] WARN  o.e.m.c.i.embedder.EclipseLogger - Using platform encoding (MS949 actually) to copy filtered resources, i.e. build is platform dependent!
2021-09-10 20:04:07,406 [Worker-37: Building] INFO  o.e.m.c.i.embedder.EclipseLogger - skip non existing resourceDirectory C:\ohjuproject_file\study02\SpringPRJ2.0\src\main\resources
2021-09-10 20:04:07,407 [Worker-37: Building] WARN  o.e.m.c.i.embedder.EclipseLogger - Using platform encoding (MS949 actually) to copy filtered resources, i.e. build is platform dependent!
2021-09-10 20:04:07,408 [Worker-37: Building] INFO  o.e.m.c.i.embedder.EclipseLogger - skip non existing resourceDirectory C:\ohjuproject_file\study02\SpringPRJ2.0\src\test\resources
2021-09-10 20:07:57,288 [Worker-38: Building] WARN  o.e.m.c.i.embedder.EclipseLogger - Using platform encoding (MS949 actually) to copy filtered resources, i.e. build is platform dependent!
2021-09-10 20:07:57,289 [Worker-38: Building] INFO  o.e.m.c.i.embedder.EclipseLogger - skip non existing resourceDirectory C:\ohjuproject_file\study02\SpringPRJ2.0\src\main\resources
2021-09-10 20:07:57,290 [Worker-38: Building] WARN  o.e.m.c.i.embedder.EclipseLogger - Using platform encoding (MS949 actually) to copy filtered resources, i.e. build is platform dependent!
2021-09-10 20:07:57,291 [Worker-38: Building] INFO  o.e.m.c.i.embedder.EclipseLogger - skip non existing resourceDirectory C:\ohjuproject_file\study02\SpringPRJ2.0\src\test\resources
2021-09-10 20:08:16,346 [Worker-46: Building] WARN  o.e.m.c.i.embedder.EclipseLogger - Using platform encoding (MS949 actually) to copy filtered resources, i.e. build is platform dependent!
2021-09-10 20:08:16,347 [Worker-46: Building] INFO  o.e.m.c.i.embedder.EclipseLogger - skip non existing resourceDirectory C:\ohjuproject_file\study02\SpringPRJ2.0\src\main\resources
2021-09-10 20:08:16,348 [Worker-46: Building] WARN  o.e.m.c.i.embedder.EclipseLogger - Using platform encoding (MS949 actually) to copy filtered resources, i.e. build is platform dependent!
2021-09-10 20:08:16,349 [Worker-46: Building] INFO  o.e.m.c.i.embedder.EclipseLogger - skip non existing resourceDirectory C:\ohjuproject_file\study02\SpringPRJ2.0\src\test\resources
2021-09-10 20:09:31,480 [Worker-38: Building] WARN  o.e.m.c.i.embedder.EclipseLogger - Using platform encoding (MS949 actually) to copy filtered resources, i.e. build is platform dependent!
2021-09-10 20:09:31,482 [Worker-38: Building] INFO  o.e.m.c.i.embedder.EclipseLogger - skip non existing resourceDirectory C:\ohjuproject_file\study02\SpringPRJ2.0\src\main\resources
2021-09-10 20:09:31,483 [Worker-38: Building] WARN  o.e.m.c.i.embedder.EclipseLogger - Using platform encoding (MS949 actually) to copy filtered resources, i.e. build is platform dependent!
2021-09-10 20:09:31,484 [Worker-38: Building] INFO  o.e.m.c.i.embedder.EclipseLogger - skip non existing resourceDirectory C:\ohjuproject_file\study02\SpringPRJ2.0\src\test\resources
2021-09-10 20:09:58,788 [Worker-38: Building] WARN  o.e.m.c.i.embedder.EclipseLogger - Using platform encoding (MS949 actually) to copy filtered resources, i.e. build is platform dependent!
2021-09-10 20:09:58,789 [Worker-38: Building] INFO  o.e.m.c.i.embedder.EclipseLogger - skip non existing resourceDirectory C:\ohjuproject_file\study02\SpringPRJ2.0\src\main\resources
2021-09-10 20:09:58,791 [Worker-38: Building] WARN  o.e.m.c.i.embedder.EclipseLogger - Using platform encoding (MS949 actually) to copy filtered resources, i.e. build is platform dependent!
2021-09-10 20:09:58,792 [Worker-38: Building] INFO  o.e.m.c.i.embedder.EclipseLogger - skip non existing resourceDirectory C:\ohjuproject_file\study02\SpringPRJ2.0\src\test\resources
2021-09-10 20:10:11,659 [Worker-28: Building] WARN  o.e.m.c.i.embedder.EclipseLogger - Using platform encoding (MS949 actually) to copy filtered resources, i.e. build is platform dependent!
2021-09-10 20:10:11,660 [Worker-28: Building] INFO  o.e.m.c.i.embedder.EclipseLogger - skip non existing resourceDirectory C:\ohjuproject_file\study02\SpringPRJ2.0\src\main\resources
2021-09-10 20:10:11,661 [Worker-28: Building] WARN  o.e.m.c.i.embedder.EclipseLogger - Using platform encoding (MS949 actually) to copy filtered resources, i.e. build is platform dependent!
2021-09-10 20:10:11,662 [Worker-28: Building] INFO  o.e.m.c.i.embedder.EclipseLogger - skip non existing resourceDirectory C:\ohjuproject_file\study02\SpringPRJ2.0\src\test\resources
2021-09-10 20:12:13,430 [Worker-41: Building] WARN  o.e.m.c.i.embedder.EclipseLogger - Using platform encoding (MS949 actually) to copy filtered resources, i.e. build is platform dependent!
2021-09-10 20:12:13,431 [Worker-41: Building] INFO  o.e.m.c.i.embedder.EclipseLogger - skip non existing resourceDirectory C:\ohjuproject_file\study02\SpringPRJ2.0\src\main\resources
2021-09-10 20:12:13,432 [Worker-41: Building] WARN  o.e.m.c.i.embedder.EclipseLogger - Using platform encoding (MS949 actually) to copy filtered resources, i.e. build is platform dependent!
2021-09-10 20:12:13,432 [Worker-41: Building] INFO  o.e.m.c.i.embedder.EclipseLogger - skip non existing resourceDirectory C:\ohjuproject_file\study02\SpringPRJ2.0\src\test\resources
2021-09-10 20:12:23,127 [Worker-48: Building] WARN  o.e.m.c.i.embedder.EclipseLogger - Using platform encoding (MS949 actually) to copy filtered resources, i.e. build is platform dependent!
2021-09-10 20:12:23,128 [Worker-48: Building] INFO  o.e.m.c.i.embedder.EclipseLogger - skip non existing resourceDirectory C:\ohjuproject_file\study02\SpringPRJ2.0\src\main\resources
2021-09-10 20:12:23,129 [Worker-48: Building] WARN  o.e.m.c.i.embedder.EclipseLogger - Using platform encoding (MS949 actually) to copy filtered resources, i.e. build is platform dependent!
2021-09-10 20:12:23,130 [Worker-48: Building] INFO  o.e.m.c.i.embedder.EclipseLogger - skip non existing resourceDirectory C:\ohjuproject_file\study02\SpringPRJ2.0\src\test\resources
2021-09-10 20:12:45,570 [Worker-48: Building] WARN  o.e.m.c.i.embedder.EclipseLogger - Using platform encoding (MS949 actually) to copy filtered resources, i.e. build is platform dependent!
2021-09-10 20:12:45,571 [Worker-48: Building] INFO  o.e.m.c.i.embedder.EclipseLogger - skip non existing resourceDirectory C:\ohjuproject_file\study02\SpringPRJ2.0\src\main\resources
2021-09-10 20:12:45,572 [Worker-48: Building] WARN  o.e.m.c.i.embedder.EclipseLogger - Using platform encoding (MS949 actually) to copy filtered resources, i.e. build is platform dependent!
2021-09-10 20:12:45,572 [Worker-48: Building] INFO  o.e.m.c.i.embedder.EclipseLogger - skip non existing resourceDirectory C:\ohjuproject_file\study02\SpringPRJ2.0\src\test\resources
2021-09-10 20:13:20,603 [Worker-43: Building] WARN  o.e.m.c.i.embedder.EclipseLogger - Using platform encoding (MS949 actually) to copy filtered resources, i.e. build is platform dependent!
2021-09-10 20:13:20,604 [Worker-43: Building] INFO  o.e.m.c.i.embedder.EclipseLogger - skip non existing resourceDirectory C:\ohjuproject_file\study02\SpringPRJ2.0\src\main\resources
2021-09-10 20:13:20,605 [Worker-43: Building] WARN  o.e.m.c.i.embedder.EclipseLogger - Using platform encoding (MS949 actually) to copy filtered resources, i.e. build is platform dependent!
2021-09-10 20:13:20,606 [Worker-43: Building] INFO  o.e.m.c.i.embedder.EclipseLogger - skip non existing resourceDirectory C:\ohjuproject_file\study02\SpringPRJ2.0\src\test\resources
2021-09-10 20:13:25,759 [Worker-48: Building] WARN  o.e.m.c.i.embedder.EclipseLogger - Using platform encoding (MS949 actually) to copy filtered resources, i.e. build is platform dependent!
2021-09-10 20:13:25,760 [Worker-48: Building] INFO  o.e.m.c.i.embedder.EclipseLogger - skip non existing resourceDirectory C:\ohjuproject_file\study02\SpringPRJ2.0\src\main\resources
2021-09-10 20:13:25,761 [Worker-48: Building] WARN  o.e.m.c.i.embedder.EclipseLogger - Using platform encoding (MS949 actually) to copy filtered resources, i.e. build is platform dependent!
2021-09-10 20:13:25,762 [Worker-48: Building] INFO  o.e.m.c.i.embedder.EclipseLogger - skip non existing resourceDirectory C:\ohjuproject_file\study02\SpringPRJ2.0\src\test\resources
2021-09-10 20:23:23,954 [Worker-3: Loading available Gradle versions] INFO  o.e.b.c.i.u.g.PublishedGradleVersions - Gradle version information cache is out-of-date. Trying to update.
2021-09-10 20:23:26,162 [Worker-1: Building] WARN  o.e.m.c.i.embedder.EclipseLogger - Using platform encoding (MS949 actually) to copy filtered resources, i.e. build is platform dependent!
2021-09-10 20:23:26,163 [Worker-1: Building] INFO  o.e.m.c.i.embedder.EclipseLogger - skip non existing resourceDirectory C:\ohjuproject_file\study02\SpringPRJ2.0\src\main\resources
2021-09-10 20:23:26,166 [Worker-1: Building] WARN  o.e.m.c.i.embedder.EclipseLogger - Using platform encoding (MS949 actually) to copy filtered resources, i.e. build is platform dependent!
2021-09-10 20:23:26,167 [Worker-1: Building] INFO  o.e.m.c.i.embedder.EclipseLogger - skip non existing resourceDirectory C:\ohjuproject_file\study02\SpringPRJ2.0\src\test\resources
2021-09-10 20:23:39,116 [Worker-2: Building] WARN  o.e.m.c.i.embedder.EclipseLogger - Using platform encoding (MS949 actually) to copy filtered resources, i.e. build is platform dependent!
2021-09-10 20:23:39,117 [Worker-2: Building] INFO  o.e.m.c.i.embedder.EclipseLogger - skip non existing resourceDirectory C:\ohjuproject_file\study02\SpringPRJ2.0\src\main\resources
2021-09-10 20:23:39,117 [Worker-2: Building] WARN  o.e.m.c.i.embedder.EclipseLogger - Using platform encoding (MS949 actually) to copy filtered resources, i.e. build is platform dependent!
2021-09-10 20:23:39,118 [Worker-2: Building] INFO  o.e.m.c.i.embedder.EclipseLogger - skip non existing resourceDirectory C:\ohjuproject_file\study02\SpringPRJ2.0\src\test\resources
2021-09-13 19:43:01,690 [Worker-3: Loading available Gradle versions] INFO  o.e.b.c.i.u.g.PublishedGradleVersions - Gradle version information cache is up-to-date. Trying to read.
2021-09-13 19:44:11,475 [Worker-10: Building] WARN  o.e.m.c.i.embedder.EclipseLogger - Using platform encoding (MS949 actually) to copy filtered resources, i.e. build is platform dependent!
2021-09-13 19:44:11,476 [Worker-10: Building] INFO  o.e.m.c.i.embedder.EclipseLogger - skip non existing resourceDirectory C:\ohjuproject_file\study02\SpringPRJ2.0\src\main\resources
2021-09-13 19:44:11,478 [Worker-10: Building] WARN  o.e.m.c.i.embedder.EclipseLogger - Using platform encoding (MS949 actually) to copy filtered resources, i.e. build is platform dependent!
2021-09-13 19:44:11,479 [Worker-10: Building] INFO  o.e.m.c.i.embedder.EclipseLogger - skip non existing resourceDirectory C:\ohjuproject_file\study02\SpringPRJ2.0\src\test\resources
2021-09-16 19:36:43,679 [Worker-2: Loading available Gradle versions] INFO  o.e.b.c.i.u.g.PublishedGradleVersions - Gradle version information cache is up-to-date. Trying to read.
2021-09-16 19:37:53,724 [Worker-1: Building] WARN  o.e.m.c.i.embedder.EclipseLogger - Using platform encoding (MS949 actually) to copy filtered resources, i.e. build is platform dependent!
2021-09-16 19:37:53,725 [Worker-1: Building] INFO  o.e.m.c.i.embedder.EclipseLogger - skip non existing resourceDirectory C:\ohjuproject_file\study02\SpringPRJ2.0\src\main\resources
2021-09-16 19:37:53,726 [Worker-1: Building] WARN  o.e.m.c.i.embedder.EclipseLogger - Using platform encoding (MS949 actually) to copy filtered resources, i.e. build is platform dependent!
2021-09-16 19:37:53,727 [Worker-1: Building] INFO  o.e.m.c.i.embedder.EclipseLogger - skip non existing resourceDirectory C:\ohjuproject_file\study02\SpringPRJ2.0\src\test\resources
2021-09-16 19:38:08,205 [Worker-18: Building] WARN  o.e.m.c.i.embedder.EclipseLogger - Using platform encoding (MS949 actually) to copy filtered resources, i.e. build is platform dependent!
2021-09-16 19:38:08,206 [Worker-18: Building] INFO  o.e.m.c.i.embedder.EclipseLogger - skip non existing resourceDirectory C:\ohjuproject_file\study02\SpringPRJ2.0\src\main\resources
2021-09-16 19:38:08,207 [Worker-18: Building] WARN  o.e.m.c.i.embedder.EclipseLogger - Using platform encoding (MS949 actually) to copy filtered resources, i.e. build is platform dependent!
2021-09-16 19:38:08,208 [Worker-18: Building] INFO  o.e.m.c.i.embedder.EclipseLogger - skip non existing resourceDirectory C:\ohjuproject_file\study02\SpringPRJ2.0\src\test\resources
2021-09-17 23:16:14,167 [Worker-0: Loading available Gradle versions] INFO  o.e.b.c.i.u.g.PublishedGradleVersions - Gradle version information cache is up-to-date. Trying to read.
2021-09-17 23:16:43,482 [Worker-12: Building] WARN  o.e.m.c.i.embedder.EclipseLogger - Using platform encoding (MS949 actually) to copy filtered resources, i.e. build is platform dependent!
2021-09-17 23:16:43,485 [Worker-12: Building] INFO  o.e.m.c.i.embedder.EclipseLogger - skip non existing resourceDirectory C:\ohjuproject_file\study02\SpringPRJ2.0\src\main\resources
2021-09-17 23:16:43,488 [Worker-12: Building] WARN  o.e.m.c.i.embedder.EclipseLogger - Using platform encoding (MS949 actually) to copy filtered resources, i.e. build is platform dependent!
2021-09-17 23:16:43,527 [Worker-12: Building] INFO  o.e.m.c.i.embedder.EclipseLogger - skip non existing resourceDirectory C:\ohjuproject_file\study02\SpringPRJ2.0\src\test\resources
2021-09-17 23:17:04,447 [Worker-3: Building] WARN  o.e.m.c.i.embedder.EclipseLogger - Using platform encoding (MS949 actually) to copy filtered resources, i.e. build is platform dependent!
2021-09-17 23:17:04,449 [Worker-3: Building] INFO  o.e.m.c.i.embedder.EclipseLogger - skip non existing resourceDirectory C:\ohjuproject_file\study02\SpringPRJ2.0\src\main\resources
2021-09-17 23:17:04,452 [Worker-3: Building] WARN  o.e.m.c.i.embedder.EclipseLogger - Using platform encoding (MS949 actually) to copy filtered resources, i.e. build is platform dependent!
2021-09-17 23:17:04,454 [Worker-3: Building] INFO  o.e.m.c.i.embedder.EclipseLogger - skip non existing resourceDirectory C:\ohjuproject_file\study02\SpringPRJ2.0\src\test\resources
2021-09-18 01:25:13,272 [Worker-0: Loading available Gradle versions] INFO  o.e.b.c.i.u.g.PublishedGradleVersions - Gradle version information cache is up-to-date. Trying to read.
2021-09-18 01:27:49,431 [Worker-12: Building] WARN  o.e.m.c.i.embedder.EclipseLogger - Using platform encoding (MS949 actually) to copy filtered resources, i.e. build is platform dependent!
2021-09-18 01:27:49,433 [Worker-12: Building] INFO  o.e.m.c.i.embedder.EclipseLogger - skip non existing resourceDirectory C:\ohjuproject_file\study02\SpringPRJ2.0\src\main\resources
2021-09-18 01:27:49,437 [Worker-12: Building] WARN  o.e.m.c.i.embedder.EclipseLogger - Using platform encoding (MS949 actually) to copy filtered resources, i.e. build is platform dependent!
2021-09-18 01:27:49,439 [Worker-12: Building] INFO  o.e.m.c.i.embedder.EclipseLogger - skip non existing resourceDirectory C:\ohjuproject_file\study02\SpringPRJ2.0\src\test\resources
